Using pre-set license
Built from '2021.3/staging' branch; Version is '2021.3.1f1 (3b70a0754835) revision 3895456'; Using compiler version '192829333'; Build Type 'Release'
OS: 'Windows 10  (10.0.19044) 64bit Professional' Language: 'en' Physical Memory: 32624 MB
BatchMode: 1, IsHumanControllingUs: 0, StartBugReporterOnCrash: 0, Is64bit: 1, IsPro: 1

COMMAND LINE ARGUMENTS:
C:\Program Files\Unity\Hub\Editor\2021.3.1f1\Editor\Unity.exe
-adb2
-batchMode
-noUpm
-name
AssetImportWorker0
-projectPath
C:/Users/amministratore/Desktop/BR/openpose_unity_plugin/OpenPosePlugin
-logFile
Logs/AssetImportWorker0.log
-srvPort
64464
Successfully changed project path to: C:/Users/amministratore/Desktop/BR/openpose_unity_plugin/OpenPosePlugin
C:/Users/amministratore/Desktop/BR/openpose_unity_plugin/OpenPosePlugin
[UnityMemory] Configuration Parameters - Can be set up in boot.config
    "memorysetup-bucket-allocator-granularity=16"
    "memorysetup-bucket-allocator-bucket-count=8"
    "memorysetup-bucket-allocator-block-size=33554432"
    "memorysetup-bucket-allocator-block-count=8"
    "memorysetup-main-allocator-block-size=16777216"
    "memorysetup-thread-allocator-block-size=16777216"
    "memorysetup-gfx-main-allocator-block-size=16777216"
    "memorysetup-gfx-thread-allocator-block-size=16777216"
    "memorysetup-cache-allocator-block-size=4194304"
    "memorysetup-typetree-allocator-block-size=2097152"
    "memorysetup-profiler-bucket-allocator-granularity=16"
    "memorysetup-profiler-bucket-allocator-bucket-count=8"
    "memorysetup-profiler-bucket-allocator-block-size=33554432"
    "memorysetup-profiler-bucket-allocator-block-count=8"
    "memorysetup-profiler-allocator-block-size=16777216"
    "memorysetup-profiler-editor-allocator-block-size=1048576"
    "memorysetup-temp-allocator-size-main=16777216"
    "memorysetup-job-temp-allocator-block-size=2097152"
    "memorysetup-job-temp-allocator-block-size-background=1048576"
    "memorysetup-job-temp-allocator-reduction-small-platforms=262144"
    "memorysetup-temp-allocator-size-background-worker=32768"
    "memorysetup-temp-allocator-size-job-worker=262144"
    "memorysetup-temp-allocator-size-preload-manager=33554432"
    "memorysetup-temp-allocator-size-nav-mesh-worker=65536"
    "memorysetup-temp-allocator-size-audio-worker=65536"
    "memorysetup-temp-allocator-size-cloud-worker=32768"
    "memorysetup-temp-allocator-size-gi-baking-worker=262144"
    "memorysetup-temp-allocator-size-gfx=262144"
Refreshing native plugins compatible for Editor in 57.88 ms, found 79 plugins.
Preloading 0 native plugins for Editor in 0.00 ms.
Initialize engine version: 2021.3.1f1 (3b70a0754835)
[Subsystems] Discovering subsystems at path C:/Program Files/Unity/Hub/Editor/2021.3.1f1/Editor/Data/Resources/UnitySubsystems
[Subsystems] Discovering subsystems at path C:/Users/amministratore/Desktop/BR/openpose_unity_plugin/OpenPosePlugin/Assets
GfxDevice: creating device client; threaded=0; jobified=0
Direct3D:
    Version:  Direct3D 11.0 [level 11.1]
    Renderer: NVIDIA GeForce GTX 1070 (ID=0x1be1)
    Vendor:   NVIDIA
    VRAM:     8081 MB
    Driver:   30.0.15.1298
Initialize mono
Mono path[0] = 'C:/Program Files/Unity/Hub/Editor/2021.3.1f1/Editor/Data/Managed'
Mono path[1] = 'C:/Program Files/Unity/Hub/Editor/2021.3.1f1/Editor/Data/MonoBleedingEdge/lib/mono/unityjit-win32'
Mono config path = 'C:/Program Files/Unity/Hub/Editor/2021.3.1f1/Editor/Data/MonoBleedingEdge/etc'
Using monoOptions --debugger-agent=transport=dt_socket,embedding=1,server=y,suspend=n,address=127.0.0.1:56600
Begin MonoManager ReloadAssembly
Registering precompiled unity dll's ...
Register platform support module: C:/Program Files/Unity/Hub/Editor/2021.3.1f1/Editor/Data/PlaybackEngines/WindowsStandaloneSupport/UnityEditor.WindowsStandalone.Extensions.dll
Registered in 0.009770 seconds.
Native extension for WindowsStandalone target not found
Refreshing native plugins compatible for Editor in 29.54 ms, found 79 plugins.
Preloading 0 native plugins for Editor in 0.00 ms.
Mono: successfully reloaded assembly
- Completed reload, in  0.627 seconds
Domain Reload Profiling:
	ReloadAssembly (628ms)
		BeginReloadAssembly (78ms)
			ExecutionOrderSort (0ms)
			DisableScriptedObjects (0ms)
			BackupInstance (0ms)
			ReleaseScriptingObjects (0ms)
			CreateAndSetChildDomain (1ms)
		EndReloadAssembly (426ms)
			LoadAssemblies (75ms)
			RebuildTransferFunctionScriptingTraits (0ms)
			SetupTypeCache (106ms)
			ReleaseScriptCaches (0ms)
			RebuildScriptCaches (30ms)
			SetupLoadedEditorAssemblies (234ms)
				LogAssemblyErrors (0ms)
				InitializePlatformSupportModulesInManaged (8ms)
				SetLoadedEditorAssemblies (0ms)
				RefreshPlugins (30ms)
				BeforeProcessingInitializeOnLoad (1ms)
				ProcessInitializeOnLoadAttributes (146ms)
				ProcessInitializeOnLoadMethodAttributes (49ms)
				AfterProcessingInitializeOnLoad (0ms)
				EditorAssembliesLoaded (0ms)
			ExecutionOrderSort2 (0ms)
			AwakeInstancesAfterBackupRestoration (0ms)
Platform modules already initialized, skipping
Registering precompiled user dll's ...
Registered in 0.028342 seconds.
Begin MonoManager ReloadAssembly
Could not load image C:\Users\amministratore\Desktop\BR\openpose_unity_plugin\OpenPosePlugin\Assets\OpenPose\Plugins\SpinnakerNETd_v140.dll due to Metadata verifier doesn't handle sections with SizeOfRawData < VirtualSize
Run the peverify utility against this for more information.
Could not load image C:\Users\amministratore\Desktop\BR\openpose_unity_plugin\OpenPosePlugin\Assets\OpenPose\Plugins\SpinnakerNET_v140.dll due to Metadata verifier doesn't handle sections with SizeOfRawData < VirtualSize
Run the peverify utility against this for more information.
Unloading broken assembly Assets/OpenPose/Plugins/SpinnakerNETGUId_v140.dll, this assembly can cause crashes in the runtime
Unloading broken assembly Assets/OpenPose/Plugins/ActiproSoftware.Shared.Wpf.dll, this assembly can cause crashes in the runtime
Unloading broken assembly Assets/OpenPose/Plugins/ActiproSoftware.Docking.Wpf.dll, this assembly can cause crashes in the runtime
Unloading broken assembly Assets/OpenPose/Plugins/SpinnakerNETGUI_v140.dll, this assembly can cause crashes in the runtime
Native extension for WindowsStandalone target not found
Refreshing native plugins compatible for Editor in 0.99 ms, found 79 plugins.
Preloading 0 native plugins for Editor in 0.00 ms.
Mono: successfully reloaded assembly
- Completed reload, in  1.001 seconds
Domain Reload Profiling:
	ReloadAssembly (1002ms)
		BeginReloadAssembly (126ms)
			ExecutionOrderSort (0ms)
			DisableScriptedObjects (7ms)
			BackupInstance (0ms)
			ReleaseScriptingObjects (0ms)
			CreateAndSetChildDomain (23ms)
		EndReloadAssembly (742ms)
			LoadAssemblies (87ms)
			RebuildTransferFunctionScriptingTraits (0ms)
			SetupTypeCache (259ms)
			ReleaseScriptCaches (0ms)
			RebuildScriptCaches (41ms)
			SetupLoadedEditorAssemblies (313ms)
				LogAssemblyErrors (0ms)
				InitializePlatformSupportModulesInManaged (6ms)
				SetLoadedEditorAssemblies (1ms)
				RefreshPlugins (1ms)
				BeforeProcessingInitializeOnLoad (53ms)
				ProcessInitializeOnLoadAttributes (209ms)
				ProcessInitializeOnLoadMethodAttributes (33ms)
				AfterProcessingInitializeOnLoad (9ms)
				EditorAssembliesLoaded (0ms)
			ExecutionOrderSort2 (0ms)
			AwakeInstancesAfterBackupRestoration (11ms)
Platform modules already initialized, skipping
========================================================================
Worker process is ready to serve import requests
Launched and connected shader compiler UnityShaderCompiler.exe after 0.05 seconds
Refreshing native plugins compatible for Editor in 0.91 ms, found 79 plugins.
Preloading 0 native plugins for Editor in 0.00 ms.
Unloading 1598 Unused Serialized files (Serialized files now loaded: 0)
Unloading 111 unused Assets / (58.7 KB). Loaded Objects now: 1980.
Memory consumption went from 69.5 MB to 69.4 MB.
Total: 3.400100 ms (FindLiveObjects: 0.137500 ms CreateObjectMapping: 0.055300 ms MarkObjects: 3.114600 ms  DeleteObjects: 0.091700 ms)

AssetImportParameters requested are different than current active one (requested -> active):
  custom:video-decoder-ogg-theora: a1e56fd34408186e4bbccfd4996cb3dc -> 
  custom:container-muxer-webm: aa71ff27fc2769a1b78a27578f13a17b -> 
  custom:container-demuxer-webm: 4f35f7cbe854078d1ac9338744f61a02 -> 
  custom:video-encoder-webm-vp8: eb34c28f22e8b96e1ab97ce403110664 -> 
  custom:video-codec-MediaFoundation-h265: 746d11721c4dcdbdad8f713fa42b33f4 -> 
  custom:audio-encoder-webm-vorbis: bf7c407c2cedff20999df2af8eb42d56 -> 
  custom:framework-win-MediaFoundation: 216162199b28c13a410421893ffa2e32 -> 
  custom:container-demuxer-ogg: 62fdf1f143b41e24485cea50d1cbac27 -> 
  custom:video-decoder-webm-vp8: 9c59270c3fd7afecdb556c50c9e8de78 -> 
  custom:audio-decoder-ogg-vorbis: bf7c407c2cedff20999df2af8eb42d56 -> 
========================================================================
Received Import Request.
  Time since last request: 22652.488714 seconds.
  path: Assets/OpenPose/Plugins/cublas64_100.dll
  artifactKey: Guid(057d949de94a7394abd7cfdd7f45c07b) Importer(815301076,1909f56bfc062723c751e8b465ee728b)
Start importing Assets/OpenPose/Plugins/cublas64_100.dll using Guid(057d949de94a7394abd7cfdd7f45c07b) Importer(815301076,1909f56bfc062723c751e8b465ee728b)  -> (artifact id: 'e04dcdade62278e14c50079924760d58') in 0.032740 seconds 
========================================================================
Received Import Request.
  Time since last request: 0.007400 seconds.
  path: Assets/OpenPose/Plugins/glog.dll
  artifactKey: Guid(4015da3023d2b1d44802a034fbd12f50) Importer(815301076,1909f56bfc062723c751e8b465ee728b)
Start importing Assets/OpenPose/Plugins/glog.dll using Guid(4015da3023d2b1d44802a034fbd12f50) Importer(815301076,1909f56bfc062723c751e8b465ee728b)  -> (artifact id: '5d9f1391a73406720a1e2d19ac9d21ea') in 0.007834 seconds 
========================================================================
Received Import Request.
  Time since last request: 0.098541 seconds.
  path: Assets/OpenPose/Plugins/PtGreyVideoEncoderd_v140.dll
  artifactKey: Guid(2b20aea89c16d304681cc8da6580ceeb) Importer(815301076,1909f56bfc062723c751e8b465ee728b)
Start importing Assets/OpenPose/Plugins/PtGreyVideoEncoderd_v140.dll using Guid(2b20aea89c16d304681cc8da6580ceeb) Importer(815301076,1909f56bfc062723c751e8b465ee728b)  -> (artifact id: 'f37aab11272af97ed9b39b1aac30f6d0') in 0.005276 seconds 
========================================================================
Received Import Request.
  Time since last request: 0.037173 seconds.
  path: Assets/OpenPose/Plugins/Spinnaker_v140.dll
  artifactKey: Guid(d61498057f0670940bdec777381dba6a) Importer(815301076,1909f56bfc062723c751e8b465ee728b)
Start importing Assets/OpenPose/Plugins/Spinnaker_v140.dll using Guid(d61498057f0670940bdec777381dba6a) Importer(815301076,1909f56bfc062723c751e8b465ee728b)  -> (artifact id: 'f4e254b0155e1180bc2d059952d4a832') in 0.005543 seconds 
========================================================================
Received Import Request.
  Time since last request: 0.005432 seconds.
  path: Assets/OpenPose/Plugins/GCBase_MD_VC140_v3_0.dll
  artifactKey: Guid(7a691696414a2cc44bfe5c128b94a2e6) Importer(815301076,1909f56bfc062723c751e8b465ee728b)
Start importing Assets/OpenPose/Plugins/GCBase_MD_VC140_v3_0.dll using Guid(7a691696414a2cc44bfe5c128b94a2e6) Importer(815301076,1909f56bfc062723c751e8b465ee728b)  -> (artifact id: '38d7c9b6b0d5a1336336de72a7b2a011') in 0.005472 seconds 
========================================================================
Received Import Request.
  Time since last request: 0.007821 seconds.
  path: Assets/OpenPose/Plugins/XMLParser_MDd_VC140_v3_0.dll
  artifactKey: Guid(96934ff6532059449be7b173eabce081) Importer(815301076,1909f56bfc062723c751e8b465ee728b)
Start importing Assets/OpenPose/Plugins/XMLParser_MDd_VC140_v3_0.dll using Guid(96934ff6532059449be7b173eabce081) Importer(815301076,1909f56bfc062723c751e8b465ee728b)  -> (artifact id: '48760487c36c329a8f44b28b15d30f01') in 0.005530 seconds 
========================================================================
Received Import Request.
  Time since last request: 0.007662 seconds.
  path: Assets/OpenPose/Plugins/GenTL_v140.dll
  artifactKey: Guid(0f180cc0bdfa4cd41964d5e125e7572b) Importer(815301076,1909f56bfc062723c751e8b465ee728b)
Start importing Assets/OpenPose/Plugins/GenTL_v140.dll using Guid(0f180cc0bdfa4cd41964d5e125e7572b) Importer(815301076,1909f56bfc062723c751e8b465ee728b)  -> (artifact id: 'ef677e39ef10f1f813c2823421a7e895') in 0.005588 seconds 
========================================================================
Received Import Request.
  Time since last request: 0.017224 seconds.
  path: Assets/OpenPose/Plugins/vcamp140.dll
  artifactKey: Guid(ff34f2a340e3e3e4bbca7b6a9da28b56) Importer(815301076,1909f56bfc062723c751e8b465ee728b)
Start importing Assets/OpenPose/Plugins/vcamp140.dll using Guid(ff34f2a340e3e3e4bbca7b6a9da28b56) Importer(815301076,1909f56bfc062723c751e8b465ee728b)  -> (artifact id: 'cc53d60aef483beba5ab4df0960b3a33') in 0.005735 seconds 
========================================================================
Received Import Request.
  Time since last request: 0.010030 seconds.
  path: Assets/OpenPose/Plugins/libgfortran-3.dll
  artifactKey: Guid(70f9b740c5416e842955d6d9eccb9f7d) Importer(815301076,1909f56bfc062723c751e8b465ee728b)
Start importing Assets/OpenPose/Plugins/libgfortran-3.dll using Guid(70f9b740c5416e842955d6d9eccb9f7d) Importer(815301076,1909f56bfc062723c751e8b465ee728b)  -> (artifact id: '58952e820c49054b03f55709d1729017') in 0.005378 seconds 
========================================================================
Received Import Request.
  Time since last request: 0.005090 seconds.
  path: Assets/OpenPose/Plugins/SFNC_GenTLDataStream_GigE_Version_1_0_0_Schema_1_1.xml
  artifactKey: Guid(005f80ea4198e9d44ae5b5ff01db3023) Importer(815301076,1909f56bfc062723c751e8b465ee728b)
Start importing Assets/OpenPose/Plugins/SFNC_GenTLDataStream_GigE_Version_1_0_0_Schema_1_1.xml using Guid(005f80ea4198e9d44ae5b5ff01db3023) Importer(815301076,1909f56bfc062723c751e8b465ee728b)  -> (artifact id: 'a1f9de15abb6c0898bdfc33fcde81cc7') in 0.022298 seconds 
========================================================================
Received Import Request.
  Time since last request: 0.004682 seconds.
  path: Assets/OpenPose/Plugins/boost_thread-vc141-mt-x64-1_69.dll
  artifactKey: Guid(ce01120d3d8cdc748b57826003aa70c5) Importer(815301076,1909f56bfc062723c751e8b465ee728b)
Start importing Assets/OpenPose/Plugins/boost_thread-vc141-mt-x64-1_69.dll using Guid(ce01120d3d8cdc748b57826003aa70c5) Importer(815301076,1909f56bfc062723c751e8b465ee728b)  -> (artifact id: '1d0c830971c27caa9e7c3966b10361cf') in 0.005646 seconds 
========================================================================
Received Import Request.
  Time since last request: 0.005209 seconds.
  path: Assets/OpenPose/Plugins/cudart64_100.dll
  artifactKey: Guid(a70093a505d0d7945aa5d9fbf4d9a222) Importer(815301076,1909f56bfc062723c751e8b465ee728b)
Start importing Assets/OpenPose/Plugins/cudart64_100.dll using Guid(a70093a505d0d7945aa5d9fbf4d9a222) Importer(815301076,1909f56bfc062723c751e8b465ee728b)  -> (artifact id: 'f5c6710f418d09563b3eec037ad51e48') in 0.005794 seconds 
========================================================================
Received Import Request.
  Time since last request: 0.005067 seconds.
  path: Assets/OpenPose/Plugins/freeglut.dll
  artifactKey: Guid(b1af276d240dc0f4d9c608dd4cca78f8) Importer(815301076,1909f56bfc062723c751e8b465ee728b)
Start importing Assets/OpenPose/Plugins/freeglut.dll using Guid(b1af276d240dc0f4d9c608dd4cca78f8) Importer(815301076,1909f56bfc062723c751e8b465ee728b)  -> (artifact id: '0801f2fb5059c88d1a56f3ca47ab969c') in 0.005719 seconds 
========================================================================
Received Import Request.
  Time since last request: 0.005342 seconds.
  path: Assets/OpenPose/Plugins/swscale-4.dll
  artifactKey: Guid(b2b53625608b72b448e253bc810c7ef7) Importer(815301076,1909f56bfc062723c751e8b465ee728b)
Start importing Assets/OpenPose/Plugins/swscale-4.dll using Guid(b2b53625608b72b448e253bc810c7ef7) Importer(815301076,1909f56bfc062723c751e8b465ee728b)  -> (artifact id: 'fe00e3c729cdf944a2bd28e16b3779b2') in 0.005551 seconds 
========================================================================
Received Import Request.
  Time since last request: 0.012438 seconds.
  path: Assets/OpenPose/Modules/Scripts/OPDatum.cs
  artifactKey: Guid(c7a78385ab9c6904ca20042e4a9a87d4) Importer(815301076,1909f56bfc062723c751e8b465ee728b)
Start importing Assets/OpenPose/Modules/Scripts/OPDatum.cs using Guid(c7a78385ab9c6904ca20042e4a9a87d4) Importer(815301076,1909f56bfc062723c751e8b465ee728b)  -> (artifact id: '6459b9349e276ec3d1cb15509ee72e43') in 0.009347 seconds 
========================================================================
Received Import Request.
  Time since last request: 0.004881 seconds.
  path: Assets/OpenPose/Plugins/SFNC_GenTLDevice_Reference_Version_1_0_0_Schema_1_1.xml
  artifactKey: Guid(5fa125bdcc8d1f5459ef90a9e56620c8) Importer(815301076,1909f56bfc062723c751e8b465ee728b)
Start importing Assets/OpenPose/Plugins/SFNC_GenTLDevice_Reference_Version_1_0_0_Schema_1_1.xml using Guid(5fa125bdcc8d1f5459ef90a9e56620c8) Importer(815301076,1909f56bfc062723c751e8b465ee728b)  -> (artifact id: 'a5b5f11b5f65c0227638aabb8ceafdf8') in 0.006199 seconds 
========================================================================
Received Import Request.
  Time since last request: 0.005026 seconds.
  path: Assets/OpenPose/Plugins/en-US/SpinnakerNETGUId_v140.resources.dll
  artifactKey: Guid(e406f2979e77d8d49b78e7813dfdcc82) Importer(815301076,1909f56bfc062723c751e8b465ee728b)
Start importing Assets/OpenPose/Plugins/en-US/SpinnakerNETGUId_v140.resources.dll using Guid(e406f2979e77d8d49b78e7813dfdcc82) Importer(815301076,1909f56bfc062723c751e8b465ee728b)  -> (artifact id: '4aa9852bf8ae56666c684ac0036fb019') in 0.005695 seconds 
========================================================================
Received Import Request.
  Time since last request: 0.005035 seconds.
  path: Assets/OpenPose/Plugins/SpinnakerGUISelector_WPFd_v140.dll
  artifactKey: Guid(bb230187850159c48964f366252ab88a) Importer(815301076,1909f56bfc062723c751e8b465ee728b)
Start importing Assets/OpenPose/Plugins/SpinnakerGUISelector_WPFd_v140.dll using Guid(bb230187850159c48964f366252ab88a) Importer(815301076,1909f56bfc062723c751e8b465ee728b)  -> (artifact id: 'b39207899610003c279015c1b35a3a9a') in 0.005596 seconds 
========================================================================
Received Import Request.
  Time since last request: 0.096532 seconds.
  path: Assets/OpenPose/Plugins/opencv_world401d.dll
  artifactKey: Guid(0d49b33823e9ed1478ee131e4bb46d3b) Importer(815301076,1909f56bfc062723c751e8b465ee728b)
Start importing Assets/OpenPose/Plugins/opencv_world401d.dll using Guid(0d49b33823e9ed1478ee131e4bb46d3b) Importer(815301076,1909f56bfc062723c751e8b465ee728b)  -> (artifact id: 'a8d6ae3182fe96de07051d3b16c72336') in 0.005575 seconds 
========================================================================
Received Import Request.
  Time since last request: 0.004694 seconds.
  path: Assets/OpenPose/Plugins/SpinSwitchClassLibraryd_v140.dll
  artifactKey: Guid(aa518e567a2fa7449a2873b57fa403e1) Importer(815301076,1909f56bfc062723c751e8b465ee728b)
Start importing Assets/OpenPose/Plugins/SpinSwitchClassLibraryd_v140.dll using Guid(aa518e567a2fa7449a2873b57fa403e1) Importer(815301076,1909f56bfc062723c751e8b465ee728b)  -> (artifact id: '351a7b900ae14e93533f619fc0d6ddbf') in 0.005607 seconds 
========================================================================
Received Import Request.
  Time since last request: 0.004854 seconds.
  path: Assets/OpenPose/Plugins/PtGreyVideoEncoder_v140.dll
  artifactKey: Guid(226ca521c8289a547a2b9ebcd329f484) Importer(815301076,1909f56bfc062723c751e8b465ee728b)
Start importing Assets/OpenPose/Plugins/PtGreyVideoEncoder_v140.dll using Guid(226ca521c8289a547a2b9ebcd329f484) Importer(815301076,1909f56bfc062723c751e8b465ee728b)  -> (artifact id: 'dba1659b66740a279f2b8bb0b99c518f') in 0.005745 seconds 
========================================================================
Received Import Request.
  Time since last request: 0.005078 seconds.
  path: Assets/OpenPose/Plugins/vcomp140.dll
  artifactKey: Guid(3c93811bd2765a649b44ffdefd73ac08) Importer(815301076,1909f56bfc062723c751e8b465ee728b)
Start importing Assets/OpenPose/Plugins/vcomp140.dll using Guid(3c93811bd2765a649b44ffdefd73ac08) Importer(815301076,1909f56bfc062723c751e8b465ee728b)  -> (artifact id: '6ce45ccb963976cdd08e5f5932d51f23') in 0.005558 seconds 
========================================================================
Received Import Request.
  Time since last request: 0.004896 seconds.
  path: Assets/OpenPose/Examples/Scenes/Demo.unity
  artifactKey: Guid(d14f1fe1776644745acd186bbfe3a269) Importer(815301076,1909f56bfc062723c751e8b465ee728b)
Start importing Assets/OpenPose/Examples/Scenes/Demo.unity using Guid(d14f1fe1776644745acd186bbfe3a269) Importer(815301076,1909f56bfc062723c751e8b465ee728b)  -> (artifact id: 'a3390a30532ab090362b67bcb9d6ea2f') in 0.002144 seconds 
========================================================================
Received Import Request.
  Time since last request: 0.022961 seconds.
  path: Assets/OpenPose/Plugins/caffe.dll
  artifactKey: Guid(dae63f8b0f294144c9aa5d80f7ab36fc) Importer(815301076,1909f56bfc062723c751e8b465ee728b)
Start importing Assets/OpenPose/Plugins/caffe.dll using Guid(dae63f8b0f294144c9aa5d80f7ab36fc) Importer(815301076,1909f56bfc062723c751e8b465ee728b)  -> (artifact id: '0a0d696d8483e20c9ef71d562bb1bae7') in 0.005384 seconds 
========================================================================
Received Import Request.
  Time since last request: 0.011470 seconds.
  path: Assets/OpenPose/Plugins/SpinUpdated_v140.dll
  artifactKey: Guid(26409f917cd0f264a9a04829dbae9014) Importer(815301076,1909f56bfc062723c751e8b465ee728b)
Start importing Assets/OpenPose/Plugins/SpinUpdated_v140.dll using Guid(26409f917cd0f264a9a04829dbae9014) Importer(815301076,1909f56bfc062723c751e8b465ee728b)  -> (artifact id: '7dadc2b0db15e25c2d695c03ed575e57') in 0.005663 seconds 
========================================================================
Received Import Request.
  Time since last request: 0.004808 seconds.
  path: Assets/OpenPose/Plugins/concrt140.dll
  artifactKey: Guid(8396042f7c1b05342aa7ceb96acf30c0) Importer(815301076,1909f56bfc062723c751e8b465ee728b)
Start importing Assets/OpenPose/Plugins/concrt140.dll using Guid(8396042f7c1b05342aa7ceb96acf30c0) Importer(815301076,1909f56bfc062723c751e8b465ee728b)  -> (artifact id: '825b22eba7ddc2e1deab0f4544fc616c') in 0.005668 seconds 
========================================================================
Received Import Request.
  Time since last request: 0.004907 seconds.
  path: Assets/OpenPose/Plugins/glogd.dll
  artifactKey: Guid(fb5c7f5990a4a5f4d8a3369b520aadd1) Importer(815301076,1909f56bfc062723c751e8b465ee728b)
Start importing Assets/OpenPose/Plugins/glogd.dll using Guid(fb5c7f5990a4a5f4d8a3369b520aadd1) Importer(815301076,1909f56bfc062723c751e8b465ee728b)  -> (artifact id: 'e470dc8f869d62e1e0a09b686dc84270') in 0.005387 seconds 
========================================================================
Received Import Request.
  Time since last request: 0.243495 seconds.
  path: Assets/OpenPose/Plugins/MathParser_MD_VC140_v3_0.dll
  artifactKey: Guid(4e428088808f4ab45a44d81cc32fd526) Importer(815301076,1909f56bfc062723c751e8b465ee728b)
Start importing Assets/OpenPose/Plugins/MathParser_MD_VC140_v3_0.dll using Guid(4e428088808f4ab45a44d81cc32fd526) Importer(815301076,1909f56bfc062723c751e8b465ee728b)  -> (artifact id: 'c423fb9fe033be22a3eb4f9ec9abde1b') in 0.005532 seconds 
========================================================================
Received Import Request.
  Time since last request: 0.005845 seconds.
  path: Assets/OpenPose/Plugins/avutil-55.dll
  artifactKey: Guid(74dd693e095349d4eb4a802ee63cdffb) Importer(815301076,1909f56bfc062723c751e8b465ee728b)
Start importing Assets/OpenPose/Plugins/avutil-55.dll using Guid(74dd693e095349d4eb4a802ee63cdffb) Importer(815301076,1909f56bfc062723c751e8b465ee728b)  -> (artifact id: 'cd4e29ba59d7cbbd464e3982151e7417') in 0.005335 seconds 
========================================================================
Received Import Request.
  Time since last request: 0.004766 seconds.
  path: Assets/OpenPose/Plugins/SFNC_GenTLInterface_GigE_Version_1_0_0_Schema_1_1.xml
  artifactKey: Guid(44e5c59da96a06f4cbf860dae7ad2a5b) Importer(815301076,1909f56bfc062723c751e8b465ee728b)
Start importing Assets/OpenPose/Plugins/SFNC_GenTLInterface_GigE_Version_1_0_0_Schema_1_1.xml using Guid(44e5c59da96a06f4cbf860dae7ad2a5b) Importer(815301076,1909f56bfc062723c751e8b465ee728b)  -> (artifact id: '7bba9b2670f8008286440b05b0a55d5c') in 0.005997 seconds 
========================================================================
Received Import Request.
  Time since last request: 0.017322 seconds.
  path: Assets/OpenPose/Plugins/GenTLd_v140.dll
  artifactKey: Guid(b5c36f868089a35449ed1c8f17dcba61) Importer(815301076,1909f56bfc062723c751e8b465ee728b)
Start importing Assets/OpenPose/Plugins/GenTLd_v140.dll using Guid(b5c36f868089a35449ed1c8f17dcba61) Importer(815301076,1909f56bfc062723c751e8b465ee728b)  -> (artifact id: '0f55f4274a63994472bb4c14f84827cb') in 0.005467 seconds 
========================================================================
Received Import Request.
  Time since last request: 0.006285 seconds.
  path: Assets/OpenPose/Plugins/log4cpp_MDd_VC140_v3_0.dll
  artifactKey: Guid(8c575e11241e44a439deedd1466941d9) Importer(815301076,1909f56bfc062723c751e8b465ee728b)
Start importing Assets/OpenPose/Plugins/log4cpp_MDd_VC140_v3_0.dll using Guid(8c575e11241e44a439deedd1466941d9) Importer(815301076,1909f56bfc062723c751e8b465ee728b)  -> (artifact id: 'fb0b577aa2174b25f583e7a8d1cd7033') in 0.005328 seconds 
========================================================================
Received Import Request.
  Time since last request: 0.002575 seconds.
  path: Assets/OpenPose/Examples/Sprites
  artifactKey: Guid(3a1a479cdee68884bab76e1034362b79) Importer(815301076,1909f56bfc062723c751e8b465ee728b)
Start importing Assets/OpenPose/Examples/Sprites using Guid(3a1a479cdee68884bab76e1034362b79) Importer(815301076,1909f56bfc062723c751e8b465ee728b)  -> (artifact id: '03ffc06710751a61e20dcbd075d2fe70') in 0.006169 seconds 
========================================================================
Received Import Request.
  Time since last request: 0.005848 seconds.
  path: Assets/OpenPose/Plugins/en-US/SpinnakerNETGUI_v140.resources.dll
  artifactKey: Guid(d26af039756fab746a9183a557e0d11a) Importer(815301076,1909f56bfc062723c751e8b465ee728b)
Start importing Assets/OpenPose/Plugins/en-US/SpinnakerNETGUI_v140.resources.dll using Guid(d26af039756fab746a9183a557e0d11a) Importer(815301076,1909f56bfc062723c751e8b465ee728b)  -> (artifact id: 'c83caf007b59328b72d0daaa460a44fa') in 0.005834 seconds 
========================================================================
Received Import Request.
  Time since last request: 0.194078 seconds.
  path: Assets/OpenPose/Plugins/opencv_world401.dll
  artifactKey: Guid(91f2f23022dd45e419197959b54fb933) Importer(815301076,1909f56bfc062723c751e8b465ee728b)
Start importing Assets/OpenPose/Plugins/opencv_world401.dll using Guid(91f2f23022dd45e419197959b54fb933) Importer(815301076,1909f56bfc062723c751e8b465ee728b)  -> (artifact id: '79b6d83c701b92d2f7880fdd71daa462') in 0.005438 seconds 
========================================================================
Received Import Request.
  Time since last request: 0.012196 seconds.
  path: Assets/OpenPose/Plugins/SpinnakerNET_v140.dll
  artifactKey: Guid(1eabd0c6da3887848a9e84976970f855) Importer(815301076,1909f56bfc062723c751e8b465ee728b)
Start importing Assets/OpenPose/Plugins/SpinnakerNET_v140.dll using Guid(1eabd0c6da3887848a9e84976970f855) Importer(815301076,1909f56bfc062723c751e8b465ee728b)  -> (artifact id: 'e7e6552fd77bcd88d0e62a7bcc1d0898') in 0.005418 seconds 
========================================================================
Received Import Request.
  Time since last request: 0.010085 seconds.
  path: Assets/OpenPose/Plugins/log4cpp.gentl.property
  artifactKey: Guid(a3308756847d67c44b442ba567cfa434) Importer(815301076,1909f56bfc062723c751e8b465ee728b)
Start importing Assets/OpenPose/Plugins/log4cpp.gentl.property using Guid(a3308756847d67c44b442ba567cfa434) Importer(815301076,1909f56bfc062723c751e8b465ee728b)  -> (artifact id: '3173d8f637b6982c48288fb8fccb5ac1') in 0.008270 seconds 
========================================================================
Received Import Request.
  Time since last request: 0.013101 seconds.
  path: Assets/OpenPose/Plugins/SpinnakerGUI_WPF_v140.dll
  artifactKey: Guid(973ac4b58b234534f96a76d7ad55fec2) Importer(815301076,1909f56bfc062723c751e8b465ee728b)
Start importing Assets/OpenPose/Plugins/SpinnakerGUI_WPF_v140.dll using Guid(973ac4b58b234534f96a76d7ad55fec2) Importer(815301076,1909f56bfc062723c751e8b465ee728b)  -> (artifact id: 'cd2de6111e5ca16e947db08790afa9c2') in 0.005561 seconds 
========================================================================
Received Import Request.
  Time since last request: 0.006805 seconds.
  path: Assets/OpenPose/Plugins/SpinUpdate_v140.dll
  artifactKey: Guid(ce4d6cdd4a2199544b8e7fd1599d2f5f) Importer(815301076,1909f56bfc062723c751e8b465ee728b)
Start importing Assets/OpenPose/Plugins/SpinUpdate_v140.dll using Guid(ce4d6cdd4a2199544b8e7fd1599d2f5f) Importer(815301076,1909f56bfc062723c751e8b465ee728b)  -> (artifact id: 'a3f3ffdeaae0f4fd7298ed82f24de199') in 0.005439 seconds 
========================================================================
Received Import Request.
  Time since last request: 0.050902 seconds.
  path: Assets/OpenPose/Plugins/UsbHostControl.dll
  artifactKey: Guid(685938ed16fc01546b5dbf9b0e542917) Importer(815301076,1909f56bfc062723c751e8b465ee728b)
Start importing Assets/OpenPose/Plugins/UsbHostControl.dll using Guid(685938ed16fc01546b5dbf9b0e542917) Importer(815301076,1909f56bfc062723c751e8b465ee728b)  -> (artifact id: 'c53d5fd0a816df4f268a3445775d5399') in 0.005763 seconds 
========================================================================
Received Import Request.
  Time since last request: 0.009627 seconds.
  path: Assets/OpenPose/Plugins/libgcc_s_seh-1.dll
  artifactKey: Guid(32c4f7e60e7fd714a95bf37e3c8ccc18) Importer(815301076,1909f56bfc062723c751e8b465ee728b)
Start importing Assets/OpenPose/Plugins/libgcc_s_seh-1.dll using Guid(32c4f7e60e7fd714a95bf37e3c8ccc18) Importer(815301076,1909f56bfc062723c751e8b465ee728b)  -> (artifact id: 'f7f40592ccd7f5923157672a175ce121') in 0.005728 seconds 
========================================================================
Received Import Request.
  Time since last request: 0.004985 seconds.
  path: Assets/OpenPose/Plugins/msvcp140.dll
  artifactKey: Guid(9b8af2204b716bd4b805db66e9fd4d77) Importer(815301076,1909f56bfc062723c751e8b465ee728b)
Start importing Assets/OpenPose/Plugins/msvcp140.dll using Guid(9b8af2204b716bd4b805db66e9fd4d77) Importer(815301076,1909f56bfc062723c751e8b465ee728b)  -> (artifact id: 'e2a79e99c6c4d78a05d0e480bcd6b8c2') in 0.005584 seconds 
========================================================================
Received Import Request.
  Time since last request: 0.004574 seconds.
  path: Assets/OpenPose/Plugins/NodeMapData_MD_VC140_v3_0.dll
  artifactKey: Guid(dd2891b8b4ddd774fa5d34555d78c2c6) Importer(815301076,1909f56bfc062723c751e8b465ee728b)
Start importing Assets/OpenPose/Plugins/NodeMapData_MD_VC140_v3_0.dll using Guid(dd2891b8b4ddd774fa5d34555d78c2c6) Importer(815301076,1909f56bfc062723c751e8b465ee728b)  -> (artifact id: 'bc6935966bcf327dc21174adb4cc36b8') in 0.005452 seconds 
========================================================================
Received Import Request.
  Time since last request: 0.010862 seconds.
  path: Assets/OpenPose/Plugins/Log_MDd_VC140_v3_0.dll
  artifactKey: Guid(c6550c5982b7fba4d98609c09703e134) Importer(815301076,1909f56bfc062723c751e8b465ee728b)
Start importing Assets/OpenPose/Plugins/Log_MDd_VC140_v3_0.dll using Guid(c6550c5982b7fba4d98609c09703e134) Importer(815301076,1909f56bfc062723c751e8b465ee728b)  -> (artifact id: 'eb3a9c80299a7f8a86855e3d704719de') in 0.005552 seconds 
========================================================================
Received Import Request.
  Time since last request: 0.004631 seconds.
  path: Assets/OpenPose/Plugins/SFNC_GenTLInterface_Reference_Version_1_0_0_Schema_1_1.xml
  artifactKey: Guid(b3b63933a981a4b4494d9e5a2966b163) Importer(815301076,1909f56bfc062723c751e8b465ee728b)
Start importing Assets/OpenPose/Plugins/SFNC_GenTLInterface_Reference_Version_1_0_0_Schema_1_1.xml using Guid(b3b63933a981a4b4494d9e5a2966b163) Importer(815301076,1909f56bfc062723c751e8b465ee728b)  -> (artifact id: '4cb54fabc23f6e841760d349e80b82ad') in 0.005813 seconds 
========================================================================
Received Import Request.
  Time since last request: 0.014194 seconds.
  path: Assets/OpenPose/Plugins/avformat-57.dll
  artifactKey: Guid(27d5fed0368f3d14f881ec4679a5446f) Importer(815301076,1909f56bfc062723c751e8b465ee728b)
Start importing Assets/OpenPose/Plugins/avformat-57.dll using Guid(27d5fed0368f3d14f881ec4679a5446f) Importer(815301076,1909f56bfc062723c751e8b465ee728b)  -> (artifact id: 'e3085dfc4c5ef15dbacab01399c7c588') in 0.005630 seconds 
========================================================================
Received Import Request.
  Time since last request: 0.004733 seconds.
  path: Assets/OpenPose/Plugins/SFNC_GenTLDataStream_Usb3_Version_1_0_0_Schema_1_1.xml
  artifactKey: Guid(ce4f2175c20977e48a07b25d8813e3c5) Importer(815301076,1909f56bfc062723c751e8b465ee728b)
Start importing Assets/OpenPose/Plugins/SFNC_GenTLDataStream_Usb3_Version_1_0_0_Schema_1_1.xml using Guid(ce4f2175c20977e48a07b25d8813e3c5) Importer(815301076,1909f56bfc062723c751e8b465ee728b)  -> (artifact id: '852dfa803853d3ea7729bf9cec96f2dd') in 0.005830 seconds 
========================================================================
Received Import Request.
  Time since last request: 1.483750 seconds.
  path: Assets/OpenPose/Plugins/cudnn64_7.dll
  artifactKey: Guid(0a75b450e10e4ea46b3b5320740cb9b8) Importer(815301076,1909f56bfc062723c751e8b465ee728b)
Start importing Assets/OpenPose/Plugins/cudnn64_7.dll using Guid(0a75b450e10e4ea46b3b5320740cb9b8) Importer(815301076,1909f56bfc062723c751e8b465ee728b)  -> (artifact id: '6d018ffa3e2f2fd19ccbad648c50a412') in 0.005361 seconds 
========================================================================
Received Import Request.
  Time since last request: 0.046837 seconds.
  path: Assets/OpenPose/Plugins/SpinnakerCd_v140.dll
  artifactKey: Guid(abeda40ff3f46cc4aa9dbefc58d19afa) Importer(815301076,1909f56bfc062723c751e8b465ee728b)
Start importing Assets/OpenPose/Plugins/SpinnakerCd_v140.dll using Guid(abeda40ff3f46cc4aa9dbefc58d19afa) Importer(815301076,1909f56bfc062723c751e8b465ee728b)  -> (artifact id: 'e77751e341da5ed4f7aa8e6901039765') in 0.005608 seconds 
========================================================================
Received Import Request.
  Time since last request: 0.004884 seconds.
  path: Assets/OpenPose/Plugins/SpinnakerGUI_WPFd_v140.dll
  artifactKey: Guid(ebe917e86e175d741aa3ddffeacca04c) Importer(815301076,1909f56bfc062723c751e8b465ee728b)
Start importing Assets/OpenPose/Plugins/SpinnakerGUI_WPFd_v140.dll using Guid(ebe917e86e175d741aa3ddffeacca04c) Importer(815301076,1909f56bfc062723c751e8b465ee728b)  -> (artifact id: 'fe957ed35f756cec0e853e1eb168bd47') in 0.005297 seconds 
========================================================================
Received Import Request.
  Time since last request: 0.004757 seconds.
  path: Assets/OpenPose/Plugins/vccorlib140.dll
  artifactKey: Guid(0f33f2fa90d4a954ebbe09552664547c) Importer(815301076,1909f56bfc062723c751e8b465ee728b)
Start importing Assets/OpenPose/Plugins/vccorlib140.dll using Guid(0f33f2fa90d4a954ebbe09552664547c) Importer(815301076,1909f56bfc062723c751e8b465ee728b)  -> (artifact id: 'e9a1f25884a2d489ddfaf5a4f53bd835') in 0.005501 seconds 
========================================================================
Received Import Request.
  Time since last request: 0.005198 seconds.
  path: Assets/OpenPose/Plugins/SpinnakerNETGUI_v140.dll
  artifactKey: Guid(35e95c1518ba22442a1fadbb9a01a13a) Importer(815301076,1909f56bfc062723c751e8b465ee728b)
Start importing Assets/OpenPose/Plugins/SpinnakerNETGUI_v140.dll using Guid(35e95c1518ba22442a1fadbb9a01a13a) Importer(815301076,1909f56bfc062723c751e8b465ee728b)  -> (artifact id: 'b721071c52b18f4957f7079cb8e63b87') in 0.005407 seconds 
========================================================================
Received Import Request.
  Time since last request: 0.004691 seconds.
  path: Assets/OpenPose/Plugins/log4cpp.spinnaker.property
  artifactKey: Guid(523eb6452c71c29468da1820efc034d7) Importer(815301076,1909f56bfc062723c751e8b465ee728b)
Start importing Assets/OpenPose/Plugins/log4cpp.spinnaker.property using Guid(523eb6452c71c29468da1820efc034d7) Importer(815301076,1909f56bfc062723c751e8b465ee728b)  -> (artifact id: 'f29447ea26f25b35f636fa0e3d999959') in 0.005875 seconds 
========================================================================
Received Import Request.
  Time since last request: 0.004871 seconds.
  path: Assets/OpenPose/Plugins/libiomp5md.dll
  artifactKey: Guid(cae9594f752801347af7a298b18a2681) Importer(815301076,1909f56bfc062723c751e8b465ee728b)
Start importing Assets/OpenPose/Plugins/libiomp5md.dll using Guid(cae9594f752801347af7a298b18a2681) Importer(815301076,1909f56bfc062723c751e8b465ee728b)  -> (artifact id: '33c5ccf88cfa0fd8adc239c5da082abb') in 0.005505 seconds 
========================================================================
Received Import Request.
  Time since last request: 0.129856 seconds.
  path: Assets/OpenPose/Plugins/avcodec-57.dll
  artifactKey: Guid(946337fce0004fa4f8f784a844e67afd) Importer(815301076,1909f56bfc062723c751e8b465ee728b)
Start importing Assets/OpenPose/Plugins/avcodec-57.dll using Guid(946337fce0004fa4f8f784a844e67afd) Importer(815301076,1909f56bfc062723c751e8b465ee728b)  -> (artifact id: '7d567253feefe57193a977edcb99763f') in 0.005752 seconds 
========================================================================
Received Import Request.
  Time since last request: 0.004815 seconds.
  path: Assets/OpenPose/Plugins/SpinnakerAIK_v140.dll
  artifactKey: Guid(d7dfdc8ffbd050d4fbdb517d6a089101) Importer(815301076,1909f56bfc062723c751e8b465ee728b)
Start importing Assets/OpenPose/Plugins/SpinnakerAIK_v140.dll using Guid(d7dfdc8ffbd050d4fbdb517d6a089101) Importer(815301076,1909f56bfc062723c751e8b465ee728b)  -> (artifact id: '2d2f2fa6aa70ba9987b6f881a05de514') in 0.005617 seconds 
========================================================================
Received Import Request.
  Time since last request: 0.006103 seconds.
  path: Assets/OpenPose/Plugins/OpenTK.dll
  artifactKey: Guid(731b1c9d04d1bf9488735076f899ce5d) Importer(815301076,1909f56bfc062723c751e8b465ee728b)
Start importing Assets/OpenPose/Plugins/OpenTK.dll using Guid(731b1c9d04d1bf9488735076f899ce5d) Importer(815301076,1909f56bfc062723c751e8b465ee728b)  -> (artifact id: 'aafc03668b45b6b9f4ca7314dca14bae') in 0.005481 seconds 
========================================================================
Received Import Request.
  Time since last request: 0.010654 seconds.
  path: Assets/OpenPose/Plugins/SFNC_GenTLDevice_GigE_Version_1_0_0_Schema_1_1.xml
  artifactKey: Guid(da9d2b239e429d7489fa269ac35da93a) Importer(815301076,1909f56bfc062723c751e8b465ee728b)
Start importing Assets/OpenPose/Plugins/SFNC_GenTLDevice_GigE_Version_1_0_0_Schema_1_1.xml using Guid(da9d2b239e429d7489fa269ac35da93a) Importer(815301076,1909f56bfc062723c751e8b465ee728b)  -> (artifact id: '91f4b259d6cb297092b6a18610bfd451') in 0.005734 seconds 
========================================================================
Received Import Request.
  Time since last request: 0.005273 seconds.
  path: Assets/OpenPose/Plugins/ucrtbase.dll
  artifactKey: Guid(7cf206271b1420b428eb9ae90f235f6b) Importer(815301076,1909f56bfc062723c751e8b465ee728b)
Start importing Assets/OpenPose/Plugins/ucrtbase.dll using Guid(7cf206271b1420b428eb9ae90f235f6b) Importer(815301076,1909f56bfc062723c751e8b465ee728b)  -> (artifact id: '35ff33baa07edf4fa1507e3d8f0a06dc') in 0.005462 seconds 
========================================================================
Received Import Request.
  Time since last request: 0.011414 seconds.
  path: Assets/OpenPose/Plugins/XMLParser_MD_VC140_v3_0.dll
  artifactKey: Guid(738d7c0a9e0b4f5438ee68741a1d2937) Importer(815301076,1909f56bfc062723c751e8b465ee728b)
Start importing Assets/OpenPose/Plugins/XMLParser_MD_VC140_v3_0.dll using Guid(738d7c0a9e0b4f5438ee68741a1d2937) Importer(815301076,1909f56bfc062723c751e8b465ee728b)  -> (artifact id: '4be09fe4bf08e75c1c9af7bc1e8fbbbf') in 0.005452 seconds 
========================================================================
Received Import Request.
  Time since last request: 0.004686 seconds.
  path: Assets/OpenPose/Modules/Scripts/OPOutputParser.cs
  artifactKey: Guid(852d43da4a54f8a4aa2f2f840f237e70) Importer(815301076,1909f56bfc062723c751e8b465ee728b)
Start importing Assets/OpenPose/Modules/Scripts/OPOutputParser.cs using Guid(852d43da4a54f8a4aa2f2f840f237e70) Importer(815301076,1909f56bfc062723c751e8b465ee728b)  -> (artifact id: '4f959fac0118ffc688b15009b2564199') in 0.005565 seconds 
========================================================================
Received Import Request.
  Time since last request: 0.009969 seconds.
  path: Assets/OpenPose/Plugins/SpinnakerNETd_v140.dll
  artifactKey: Guid(8872c450f10524d449c427e0536209c0) Importer(815301076,1909f56bfc062723c751e8b465ee728b)
Start importing Assets/OpenPose/Plugins/SpinnakerNETd_v140.dll using Guid(8872c450f10524d449c427e0536209c0) Importer(815301076,1909f56bfc062723c751e8b465ee728b)  -> (artifact id: 'b9bc47581efcef45b94260e73944f4ff') in 0.005485 seconds 
========================================================================
Received Import Request.
  Time since last request: 0.004665 seconds.
  path: Assets/OpenPose/Plugins/OpenTK.GLControl.dll
  artifactKey: Guid(d33754ec7f8dde94ea7cb0ef392cc547) Importer(815301076,1909f56bfc062723c751e8b465ee728b)
Start importing Assets/OpenPose/Plugins/OpenTK.GLControl.dll using Guid(d33754ec7f8dde94ea7cb0ef392cc547) Importer(815301076,1909f56bfc062723c751e8b465ee728b)  -> (artifact id: 'a132ab9f6fb0a39d2deda71825595cfa') in 0.005541 seconds 
========================================================================
Received Import Request.
  Time since last request: 0.005323 seconds.
  path: Assets/OpenPose/Plugins/ActiproSoftware.Docking.Wpf.dll
  artifactKey: Guid(8930268ab2c10db45b4f79be9efc9de9) Importer(815301076,1909f56bfc062723c751e8b465ee728b)
Start importing Assets/OpenPose/Plugins/ActiproSoftware.Docking.Wpf.dll using Guid(8930268ab2c10db45b4f79be9efc9de9) Importer(815301076,1909f56bfc062723c751e8b465ee728b)  -> (artifact id: '279c317388e91b15520ed2f253e9ee76') in 0.005751 seconds 
========================================================================
Received Import Request.
  Time since last request: 0.015924 seconds.
  path: Assets/OpenPose/Plugins/openpose.dll
  artifactKey: Guid(fc2c0de4e8de112498054c287833fe2a) Importer(815301076,1909f56bfc062723c751e8b465ee728b)
Start importing Assets/OpenPose/Plugins/openpose.dll using Guid(fc2c0de4e8de112498054c287833fe2a) Importer(815301076,1909f56bfc062723c751e8b465ee728b)  -> (artifact id: '865ebb515ddd828ed5ffddc39cc97dca') in 0.005662 seconds 
========================================================================
Received Import Request.
  Time since last request: 0.013703 seconds.
  path: Assets/OpenPose/Plugins/caffehdf5.dll
  artifactKey: Guid(16373e99607620e409aa5f42f4f256a7) Importer(815301076,1909f56bfc062723c751e8b465ee728b)
Start importing Assets/OpenPose/Plugins/caffehdf5.dll using Guid(16373e99607620e409aa5f42f4f256a7) Importer(815301076,1909f56bfc062723c751e8b465ee728b)  -> (artifact id: '746eaa19121d96f0a81f80832218ec02') in 0.005604 seconds 
========================================================================
Received Import Request.
  Time since last request: 0.379043 seconds.
  path: Assets/OpenPose/Plugins/libopenblas.dll
  artifactKey: Guid(8f75bd2df708aa848a8185bb93cc91e4) Importer(815301076,1909f56bfc062723c751e8b465ee728b)
Start importing Assets/OpenPose/Plugins/libopenblas.dll using Guid(8f75bd2df708aa848a8185bb93cc91e4) Importer(815301076,1909f56bfc062723c751e8b465ee728b)  -> (artifact id: '35101c9099d12f38ad8c9a8438a7a60c') in 0.005494 seconds 
========================================================================
Received Import Request.
  Time since last request: 0.005040 seconds.
  path: Assets/OpenPose/Plugins/SpinnakerDirectShow_v140.dll
  artifactKey: Guid(cf174be062e704d429288d242da7c601) Importer(815301076,1909f56bfc062723c751e8b465ee728b)
Start importing Assets/OpenPose/Plugins/SpinnakerDirectShow_v140.dll using Guid(cf174be062e704d429288d242da7c601) Importer(815301076,1909f56bfc062723c751e8b465ee728b)  -> (artifact id: 'e102ffe177b455e28046ea8ea0e376f8') in 0.005403 seconds 
========================================================================
Received Import Request.
  Time since last request: 0.004954 seconds.
  path: Assets/OpenPose/Plugins/caffezlib1.dll
  artifactKey: Guid(2acfc318db813524886efd699441222d) Importer(815301076,1909f56bfc062723c751e8b465ee728b)
Start importing Assets/OpenPose/Plugins/caffezlib1.dll using Guid(2acfc318db813524886efd699441222d) Importer(815301076,1909f56bfc062723c751e8b465ee728b)  -> (artifact id: '6d362e43f69911dacf8545004c4f0481') in 0.005557 seconds 
========================================================================
Received Import Request.
  Time since last request: 0.004723 seconds.
  path: Assets/OpenPose/Plugins/gflags.dll
  artifactKey: Guid(d0e67a18e69ce724cb4e854cc21739c4) Importer(815301076,1909f56bfc062723c751e8b465ee728b)
Start importing Assets/OpenPose/Plugins/gflags.dll using Guid(d0e67a18e69ce724cb4e854cc21739c4) Importer(815301076,1909f56bfc062723c751e8b465ee728b)  -> (artifact id: 'f9bdea9dbb95b60e37b493fcc618ea43') in 0.005509 seconds 
========================================================================
Received Import Request.
  Time since last request: 0.004685 seconds.
  path: Assets/OpenPose/Plugins/SpinnakerGUISelector_WPF_v140.dll
  artifactKey: Guid(513328c37a222374e94cd1a390915c11) Importer(815301076,1909f56bfc062723c751e8b465ee728b)
Start importing Assets/OpenPose/Plugins/SpinnakerGUISelector_WPF_v140.dll using Guid(513328c37a222374e94cd1a390915c11) Importer(815301076,1909f56bfc062723c751e8b465ee728b)  -> (artifact id: '1775919b689f70ff1d889858f81a0d21') in 0.005420 seconds 
========================================================================
Received Import Request.
  Time since last request: 0.151327 seconds.
  path: Assets/OpenPose/Plugins/UsbHostControld.dll
  artifactKey: Guid(86538c7428d9d104398a7e32b2382414) Importer(815301076,1909f56bfc062723c751e8b465ee728b)
Start importing Assets/OpenPose/Plugins/UsbHostControld.dll using Guid(86538c7428d9d104398a7e32b2382414) Importer(815301076,1909f56bfc062723c751e8b465ee728b)  -> (artifact id: 'e169a8d5c90dcd9ee2420261e0b01069') in 0.005709 seconds 
========================================================================
Received Import Request.
  Time since last request: 0.005066 seconds.
  path: Assets/OpenPose/Plugins/gflagsd.dll
  artifactKey: Guid(e7981f64241019742978a97d48db1d96) Importer(815301076,1909f56bfc062723c751e8b465ee728b)
Start importing Assets/OpenPose/Plugins/gflagsd.dll using Guid(e7981f64241019742978a97d48db1d96) Importer(815301076,1909f56bfc062723c751e8b465ee728b)  -> (artifact id: '14a269439cd9617d4586f565a0a05a23') in 0.121375 seconds 
========================================================================
Received Import Request.
  Time since last request: 0.004479 seconds.
  path: Assets/OpenPose/Plugins/Input.xml
  artifactKey: Guid(213ac6220b03d5342af53ab355c5c369) Importer(815301076,1909f56bfc062723c751e8b465ee728b)
Start importing Assets/OpenPose/Plugins/Input.xml using Guid(213ac6220b03d5342af53ab355c5c369) Importer(815301076,1909f56bfc062723c751e8b465ee728b)  -> (artifact id: 'e54226adeb3a137558030cad0d0503ce') in 0.005750 seconds 
========================================================================
Received Import Request.
  Time since last request: 0.004371 seconds.
  path: Assets/OpenPose/Plugins/log4cpp_MD_VC140_v3_0.dll
  artifactKey: Guid(8a676586d1464d94c97f9cbc85e03561) Importer(815301076,1909f56bfc062723c751e8b465ee728b)
Start importing Assets/OpenPose/Plugins/log4cpp_MD_VC140_v3_0.dll using Guid(8a676586d1464d94c97f9cbc85e03561) Importer(815301076,1909f56bfc062723c751e8b465ee728b)  -> (artifact id: '421b9e1c3c4a846c11d3aa3ef0b0242b') in 0.005512 seconds 
========================================================================
Received Import Request.
  Time since last request: 0.004380 seconds.
  path: Assets/OpenPose/Plugins/SFNC_GenTLDevice_Usb3_Version_1_0_0_Schema_1_1.xml
  artifactKey: Guid(c30948e7435dd434e83addc25accc016) Importer(815301076,1909f56bfc062723c751e8b465ee728b)
Start importing Assets/OpenPose/Plugins/SFNC_GenTLDevice_Usb3_Version_1_0_0_Schema_1_1.xml using Guid(c30948e7435dd434e83addc25accc016) Importer(815301076,1909f56bfc062723c751e8b465ee728b)  -> (artifact id: '8d45ee57761534ef4367f5cc1d906b4c') in 0.006233 seconds 
========================================================================
Received Import Request.
  Time since last request: 0.010562 seconds.
  path: Assets/OpenPose/Plugins/PGRHostControl_dlld.dll
  artifactKey: Guid(ce1ca7dc93dfcf143858ffd8f5834173) Importer(815301076,1909f56bfc062723c751e8b465ee728b)
Start importing Assets/OpenPose/Plugins/PGRHostControl_dlld.dll using Guid(ce1ca7dc93dfcf143858ffd8f5834173) Importer(815301076,1909f56bfc062723c751e8b465ee728b)  -> (artifact id: '3de346dc7450611b95f6b321158b1c9d') in 0.005547 seconds 
========================================================================
Received Import Request.
  Time since last request: 0.583498 seconds.
  path: Assets/OpenPose/Plugins/Spinnakerd_v140.dll
  artifactKey: Guid(228c5d95dfd4e4b4cb00c92be6ec974f) Importer(815301076,1909f56bfc062723c751e8b465ee728b)
Start importing Assets/OpenPose/Plugins/Spinnakerd_v140.dll using Guid(228c5d95dfd4e4b4cb00c92be6ec974f) Importer(815301076,1909f56bfc062723c751e8b465ee728b)  -> (artifact id: '6ce3810979cd30855da64107df34a9c4') in 0.005692 seconds 
========================================================================
Received Import Request.
  Time since last request: 0.008508 seconds.
  path: Assets/OpenPose/Plugins/en-US
  artifactKey: Guid(ddc9fc0b09a18f147abed029b0c39790) Importer(815301076,1909f56bfc062723c751e8b465ee728b)
Start importing Assets/OpenPose/Plugins/en-US using Guid(ddc9fc0b09a18f147abed029b0c39790) Importer(815301076,1909f56bfc062723c751e8b465ee728b)  -> (artifact id: '2307cbfb5b6a862d68c624fab2512ee4') in 0.005602 seconds 
========================================================================
Received Import Request.
  Time since last request: 0.035480 seconds.
  path: Assets/OpenPose/Plugins/SFNC_GenTLInterface_Usb3_Version_1_0_0_Schema_1_1.xml
  artifactKey: Guid(709d34965a395a34db6d6e85459ed014) Importer(815301076,1909f56bfc062723c751e8b465ee728b)
Start importing Assets/OpenPose/Plugins/SFNC_GenTLInterface_Usb3_Version_1_0_0_Schema_1_1.xml using Guid(709d34965a395a34db6d6e85459ed014) Importer(815301076,1909f56bfc062723c751e8b465ee728b)  -> (artifact id: '4f8dc1b61cd120053814daf4801430f8') in 0.005852 seconds 
========================================================================
Received Import Request.
  Time since last request: 0.004332 seconds.
  path: Assets/OpenPose/Plugins/GCBase_MDd_VC140_v3_0.dll
  artifactKey: Guid(f9d2b0d155528ab49a13c84500a197ec) Importer(815301076,1909f56bfc062723c751e8b465ee728b)
Start importing Assets/OpenPose/Plugins/GCBase_MDd_VC140_v3_0.dll using Guid(f9d2b0d155528ab49a13c84500a197ec) Importer(815301076,1909f56bfc062723c751e8b465ee728b)  -> (artifact id: '01a6a8379b3edad7d88514f2176ec461') in 0.005547 seconds 
========================================================================
Received Import Request.
  Time since last request: 0.004816 seconds.
  path: Assets/OpenPose/Examples/Render/RGB_2_BGR_UI_Shader.shader
  artifactKey: Guid(6795119d1e478fe4ca6608429b662e7c) Importer(815301076,1909f56bfc062723c751e8b465ee728b)
Start importing Assets/OpenPose/Examples/Render/RGB_2_BGR_UI_Shader.shader using Guid(6795119d1e478fe4ca6608429b662e7c) Importer(815301076,1909f56bfc062723c751e8b465ee728b)  -> (artifact id: '1e652d665df3b268569a914ff759b878') in 0.007547 seconds 
========================================================================
Received Import Request.
  Time since last request: 25.162824 seconds.
  path: Assets/OpenPose/Plugins/DIFxAPI.dll
  artifactKey: Guid(2d02e73bdbc4d1d46a40c4f009cec316) Importer(815301076,1909f56bfc062723c751e8b465ee728b)
Start importing Assets/OpenPose/Plugins/DIFxAPI.dll using Guid(2d02e73bdbc4d1d46a40c4f009cec316) Importer(815301076,1909f56bfc062723c751e8b465ee728b)  -> (artifact id: '56d5e6387899b3f87e9bca83ab1836c6') in 0.007922 seconds 
========================================================================
Received Import Request.
  Time since last request: 0.005230 seconds.
  path: Assets/OpenPose/Plugins/postproc-54.dll
  artifactKey: Guid(085127e28b6d73d4fa05b9cd1ce1ff7a) Importer(815301076,1909f56bfc062723c751e8b465ee728b)
Start importing Assets/OpenPose/Plugins/postproc-54.dll using Guid(085127e28b6d73d4fa05b9cd1ce1ff7a) Importer(815301076,1909f56bfc062723c751e8b465ee728b)  -> (artifact id: '6c66e4a0e5ab4d729ff277ddcca9cd62') in 0.007215 seconds 
========================================================================
Received Import Request.
  Time since last request: 0.002207 seconds.
  path: Assets/OpenPose/Examples/Prefabs
  artifactKey: Guid(5f6abb4bf8c580241aea36fa61e577ad) Importer(815301076,1909f56bfc062723c751e8b465ee728b)
Start importing Assets/OpenPose/Examples/Prefabs using Guid(5f6abb4bf8c580241aea36fa61e577ad) Importer(815301076,1909f56bfc062723c751e8b465ee728b)  -> (artifact id: '2cc0c4595857b26ad035146e2e4b5b64') in 0.006362 seconds 
========================================================================
Received Import Request.
  Time since last request: 0.005153 seconds.
  path: Assets/OpenPose/Plugins/swresample-2.dll
  artifactKey: Guid(2ca183a66c0ab364080f788c8379192c) Importer(815301076,1909f56bfc062723c751e8b465ee728b)
Start importing Assets/OpenPose/Plugins/swresample-2.dll using Guid(2ca183a66c0ab364080f788c8379192c) Importer(815301076,1909f56bfc062723c751e8b465ee728b)  -> (artifact id: '10c2ba527fc0da60d9b8039fb5cc3a14') in 0.005584 seconds 
========================================================================
Received Import Request.
  Time since last request: 0.004802 seconds.
  path: Assets/OpenPose/Plugins/caffehdf5_hl.dll
  artifactKey: Guid(9c69a0d9149095340ac73b7941d7fc8b) Importer(815301076,1909f56bfc062723c751e8b465ee728b)
Start importing Assets/OpenPose/Plugins/caffehdf5_hl.dll using Guid(9c69a0d9149095340ac73b7941d7fc8b) Importer(815301076,1909f56bfc062723c751e8b465ee728b)  -> (artifact id: '7beff7d5a4ba5ce316bf688447dcc2f4') in 0.005484 seconds 
========================================================================
Received Import Request.
  Time since last request: 0.004532 seconds.
  path: Assets/OpenPose/Plugins/log4cpp.spinnakernet.property
  artifactKey: Guid(71e0c89995950f945bb3038116fe61d2) Importer(815301076,1909f56bfc062723c751e8b465ee728b)
Start importing Assets/OpenPose/Plugins/log4cpp.spinnakernet.property using Guid(71e0c89995950f945bb3038116fe61d2) Importer(815301076,1909f56bfc062723c751e8b465ee728b)  -> (artifact id: 'e418b2bb216bc62087e108d9d969c1ba') in 0.006973 seconds 
========================================================================
Received Import Request.
  Time since last request: 0.178739 seconds.
  path: Assets/OpenPose/Plugins/opencv_ffmpeg401_64.dll
  artifactKey: Guid(e6305a8d7cfe3654eb46dc947193eddb) Importer(815301076,1909f56bfc062723c751e8b465ee728b)
Start importing Assets/OpenPose/Plugins/opencv_ffmpeg401_64.dll using Guid(e6305a8d7cfe3654eb46dc947193eddb) Importer(815301076,1909f56bfc062723c751e8b465ee728b)  -> (artifact id: '60afb3bca7765a508831b4c38e0ef0e6') in 0.078112 seconds 
========================================================================
Received Import Request.
  Time since last request: 0.005522 seconds.
  path: Assets/OpenPose/Plugins/NodeMapData_MDd_VC140_v3_0.dll
  artifactKey: Guid(ab45a3b78a70a714d80e34e4d569004e) Importer(815301076,1909f56bfc062723c751e8b465ee728b)
Start importing Assets/OpenPose/Plugins/NodeMapData_MDd_VC140_v3_0.dll using Guid(ab45a3b78a70a714d80e34e4d569004e) Importer(815301076,1909f56bfc062723c751e8b465ee728b)  -> (artifact id: '12505f8f9ecae6dbdf0b1e5255cc94b5') in 0.005642 seconds 
========================================================================
Received Import Request.
  Time since last request: 0.004179 seconds.
  path: Assets/OpenPose/Plugins/Keywords.xml
  artifactKey: Guid(10808928dfcdbfb428d405235d17d440) Importer(815301076,1909f56bfc062723c751e8b465ee728b)
Start importing Assets/OpenPose/Plugins/Keywords.xml using Guid(10808928dfcdbfb428d405235d17d440) Importer(815301076,1909f56bfc062723c751e8b465ee728b)  -> (artifact id: '7811a1f61d1ccdd0f07f9eece9b7755c') in 0.144528 seconds 
========================================================================
Received Import Request.
  Time since last request: 0.069358 seconds.
  path: Assets/OpenPose/Plugins/openposed.dll
  artifactKey: Guid(7c6aafdc571a2cc4ebdcc8022df45bd1) Importer(815301076,1909f56bfc062723c751e8b465ee728b)
Start importing Assets/OpenPose/Plugins/openposed.dll using Guid(7c6aafdc571a2cc4ebdcc8022df45bd1) Importer(815301076,1909f56bfc062723c751e8b465ee728b)  -> (artifact id: '8ed495f39ebf65fbb7950acb69fd0c0b') in 0.005544 seconds 
========================================================================
Received Import Request.
  Time since last request: 0.004531 seconds.
  path: Assets/OpenPose/Plugins/PGRHostControl_dll.dll
  artifactKey: Guid(f6660a750f90ff8459f4d0931779ee54) Importer(815301076,1909f56bfc062723c751e8b465ee728b)
Start importing Assets/OpenPose/Plugins/PGRHostControl_dll.dll using Guid(f6660a750f90ff8459f4d0931779ee54) Importer(815301076,1909f56bfc062723c751e8b465ee728b)  -> (artifact id: 'f6e99586e9fadedcd5d22de4c8936006') in 0.005375 seconds 
========================================================================
Received Import Request.
  Time since last request: 0.004386 seconds.
  path: Assets/OpenPose/Plugins/MathParser_MDd_VC140_v3_0.dll
  artifactKey: Guid(39ee2cbaa5e42c9489178b48548aa234) Importer(815301076,1909f56bfc062723c751e8b465ee728b)
Start importing Assets/OpenPose/Plugins/MathParser_MDd_VC140_v3_0.dll using Guid(39ee2cbaa5e42c9489178b48548aa234) Importer(815301076,1909f56bfc062723c751e8b465ee728b)  -> (artifact id: 'c588f21402ec662b247d52fd53a5540f') in 0.005491 seconds 
========================================================================
Received Import Request.
  Time since last request: 0.005412 seconds.
  path: Assets/OpenPose/Plugins/ActiproSoftware.Shared.Wpf.dll
  artifactKey: Guid(e3d84b6ea8ae627468bd48e9fad310a6) Importer(815301076,1909f56bfc062723c751e8b465ee728b)
Start importing Assets/OpenPose/Plugins/ActiproSoftware.Shared.Wpf.dll using Guid(e3d84b6ea8ae627468bd48e9fad310a6) Importer(815301076,1909f56bfc062723c751e8b465ee728b)  -> (artifact id: 'a7fb788fca14cf868fdd5fa27d02eca6') in 0.005517 seconds 
========================================================================
Received Import Request.
  Time since last request: 0.263926 seconds.
  path: Assets/OpenPose/Plugins/curand64_100.dll
  artifactKey: Guid(121a0ccb63b9ec8419f68646595a161e) Importer(815301076,1909f56bfc062723c751e8b465ee728b)
Start importing Assets/OpenPose/Plugins/curand64_100.dll using Guid(121a0ccb63b9ec8419f68646595a161e) Importer(815301076,1909f56bfc062723c751e8b465ee728b)  -> (artifact id: '5ff7ee1de76967c31cafe57712d54d4d') in 0.005638 seconds 
========================================================================
Received Import Request.
  Time since last request: 0.017488 seconds.
  path: Assets/OpenPose/Plugins/SpinnakerC_v140.dll
  artifactKey: Guid(9304e75360ad2b54595dd8e2d48d6ca8) Importer(815301076,1909f56bfc062723c751e8b465ee728b)
Start importing Assets/OpenPose/Plugins/SpinnakerC_v140.dll using Guid(9304e75360ad2b54595dd8e2d48d6ca8) Importer(815301076,1909f56bfc062723c751e8b465ee728b)  -> (artifact id: '6f774a11a18e0c5e4fabc98eec54b195') in 0.005551 seconds 
========================================================================
Received Import Request.
  Time since last request: 0.015882 seconds.
  path: Assets/OpenPose/Plugins/avfilter-6.dll
  artifactKey: Guid(78a7c5045fe2b1b4dafa9fb45e303829) Importer(815301076,1909f56bfc062723c751e8b465ee728b)
Start importing Assets/OpenPose/Plugins/avfilter-6.dll using Guid(78a7c5045fe2b1b4dafa9fb45e303829) Importer(815301076,1909f56bfc062723c751e8b465ee728b)  -> (artifact id: '4a0171b1763a0d6f8c22400bab5116b9') in 0.005652 seconds 
========================================================================
Received Import Request.
  Time since last request: 0.008549 seconds.
  path: Assets/OpenPose/Plugins/avdevice-57.dll
  artifactKey: Guid(cdbad7ad4341e544fa173d14a718dfe5) Importer(815301076,1909f56bfc062723c751e8b465ee728b)
Start importing Assets/OpenPose/Plugins/avdevice-57.dll using Guid(cdbad7ad4341e544fa173d14a718dfe5) Importer(815301076,1909f56bfc062723c751e8b465ee728b)  -> (artifact id: '3678efc8754fb57f0099758edc0e5ebf') in 0.005641 seconds 
========================================================================
Received Import Request.
  Time since last request: 0.009237 seconds.
  path: Assets/OpenPose/Modules/Scripts/OPEnums.cs
  artifactKey: Guid(9ba53c0a06ced7b478d85dbf962520a4) Importer(815301076,1909f56bfc062723c751e8b465ee728b)
Start importing Assets/OpenPose/Modules/Scripts/OPEnums.cs using Guid(9ba53c0a06ced7b478d85dbf962520a4) Importer(815301076,1909f56bfc062723c751e8b465ee728b)  -> (artifact id: 'f13fa2b8dbe432e95972e85654d143e6') in 0.005587 seconds 
========================================================================
Received Import Request.
  Time since last request: 0.005208 seconds.
  path: Assets/OpenPose/Plugins/GenApi_MD_VC140_v3_0.dll
  artifactKey: Guid(76fd18c86ac41b34d9099bfa00d37a03) Importer(815301076,1909f56bfc062723c751e8b465ee728b)
Start importing Assets/OpenPose/Plugins/GenApi_MD_VC140_v3_0.dll using Guid(76fd18c86ac41b34d9099bfa00d37a03) Importer(815301076,1909f56bfc062723c751e8b465ee728b)  -> (artifact id: '004fde903117415c8588e5970112f71b') in 0.005583 seconds 
========================================================================
Received Import Request.
  Time since last request: 0.004270 seconds.
  path: Assets/OpenPose/Plugins/en-US/SpinView_WPF.resources.dll
  artifactKey: Guid(3cfa7144f7ad0f64baa59f4a1d2b1cab) Importer(815301076,1909f56bfc062723c751e8b465ee728b)
Start importing Assets/OpenPose/Plugins/en-US/SpinView_WPF.resources.dll using Guid(3cfa7144f7ad0f64baa59f4a1d2b1cab) Importer(815301076,1909f56bfc062723c751e8b465ee728b)  -> (artifact id: '8ce6d128a7020f2f2e90848bb18219de') in 0.005536 seconds 
========================================================================
Received Import Request.
  Time since last request: 0.004367 seconds.
  path: Assets/OpenPose/Plugins/log4net.dll
  artifactKey: Guid(1000669e964c4ea4a84581f99278912a) Importer(815301076,1909f56bfc062723c751e8b465ee728b)
Start importing Assets/OpenPose/Plugins/log4net.dll using Guid(1000669e964c4ea4a84581f99278912a) Importer(815301076,1909f56bfc062723c751e8b465ee728b)  -> (artifact id: '5208821cbf02ae4734429dc9372d7440') in 0.005478 seconds 
========================================================================
Received Import Request.
  Time since last request: 0.004428 seconds.
  path: Assets/OpenPose/Plugins/GCBaseNet.dll
  artifactKey: Guid(53db1c45b1075ee4397843180d9e8f61) Importer(815301076,1909f56bfc062723c751e8b465ee728b)
Start importing Assets/OpenPose/Plugins/GCBaseNet.dll using Guid(53db1c45b1075ee4397843180d9e8f61) Importer(815301076,1909f56bfc062723c751e8b465ee728b)  -> (artifact id: '49998cd2c2bdf2cdfc4efd713468dd21') in 0.005375 seconds 
========================================================================
Received Import Request.
  Time since last request: 0.004269 seconds.
  path: Assets/OpenPose/Plugins/boost_filesystem-vc141-mt-x64-1_69.dll
  artifactKey: Guid(13d8e0781e69b6944811a3aa6e7b2210) Importer(815301076,1909f56bfc062723c751e8b465ee728b)
Start importing Assets/OpenPose/Plugins/boost_filesystem-vc141-mt-x64-1_69.dll using Guid(13d8e0781e69b6944811a3aa6e7b2210) Importer(815301076,1909f56bfc062723c751e8b465ee728b)  -> (artifact id: '1184724ca72c37757768703c0461752e') in 0.005696 seconds 
========================================================================
Received Import Request.
  Time since last request: 0.004377 seconds.
  path: Assets/OpenPose/Plugins/libquadmath-0.dll
  artifactKey: Guid(48e11c91bac66b54a891a5c496e47fd4) Importer(815301076,1909f56bfc062723c751e8b465ee728b)
Start importing Assets/OpenPose/Plugins/libquadmath-0.dll using Guid(48e11c91bac66b54a891a5c496e47fd4) Importer(815301076,1909f56bfc062723c751e8b465ee728b)  -> (artifact id: '16d8680158adda3aace7af14ab1ef661') in 0.005590 seconds 
========================================================================
Received Import Request.
  Time since last request: 0.004190 seconds.
  path: Assets/OpenPose/Plugins/SpinSwitchClassLibrary_v140.dll
  artifactKey: Guid(0c49f9a6e6829f14393f08f857e9e276) Importer(815301076,1909f56bfc062723c751e8b465ee728b)
Start importing Assets/OpenPose/Plugins/SpinSwitchClassLibrary_v140.dll using Guid(0c49f9a6e6829f14393f08f857e9e276) Importer(815301076,1909f56bfc062723c751e8b465ee728b)  -> (artifact id: 'c0be74f31e1a62025f0925e5fc6b5787') in 0.005371 seconds 
========================================================================
Received Import Request.
  Time since last request: 0.004671 seconds.
  path: Assets/OpenPose/Plugins/SpinView_WPF.config
  artifactKey: Guid(06fa881c268fd044792bd66a3ba79244) Importer(815301076,1909f56bfc062723c751e8b465ee728b)
Start importing Assets/OpenPose/Plugins/SpinView_WPF.config using Guid(06fa881c268fd044792bd66a3ba79244) Importer(815301076,1909f56bfc062723c751e8b465ee728b)  -> (artifact id: '1ee27339c02482af94a36efa74f6a77d') in 0.012098 seconds 
========================================================================
Received Import Request.
  Time since last request: 0.004402 seconds.
  path: Assets/OpenPose/Plugins/vcruntime140.dll
  artifactKey: Guid(02c9db9a2b41c9548a2816675b2ced28) Importer(815301076,1909f56bfc062723c751e8b465ee728b)
Start importing Assets/OpenPose/Plugins/vcruntime140.dll using Guid(02c9db9a2b41c9548a2816675b2ced28) Importer(815301076,1909f56bfc062723c751e8b465ee728b)  -> (artifact id: 'd4680ed723ec168d934d76b99da8c7fc') in 0.005544 seconds 
========================================================================
Received Import Request.
  Time since last request: 0.013124 seconds.
  path: Assets/OpenPose/Plugins/GenApi_MDd_VC140_v3_0.dll
  artifactKey: Guid(6ff99ee350991134996c48cfca40812b) Importer(815301076,1909f56bfc062723c751e8b465ee728b)
Start importing Assets/OpenPose/Plugins/GenApi_MDd_VC140_v3_0.dll using Guid(6ff99ee350991134996c48cfca40812b) Importer(815301076,1909f56bfc062723c751e8b465ee728b)  -> (artifact id: '53c68b93d6c284c5cd661080a65bfbdf') in 0.005625 seconds 
========================================================================
Received Import Request.
  Time since last request: 0.005231 seconds.
  path: Assets/OpenPose/Plugins/SpinnakerNETGUId_v140.dll
  artifactKey: Guid(3a774594a4881084e98f64f7c5af5f16) Importer(815301076,1909f56bfc062723c751e8b465ee728b)
Start importing Assets/OpenPose/Plugins/SpinnakerNETGUId_v140.dll using Guid(3a774594a4881084e98f64f7c5af5f16) Importer(815301076,1909f56bfc062723c751e8b465ee728b)  -> (artifact id: '5d21df9ef400ee33ed48bd08c391a0f8') in 0.006033 seconds 
========================================================================
Received Import Request.
  Time since last request: 0.004561 seconds.
  path: Assets/OpenPose/Plugins/Log_MD_VC140_v3_0.dll
  artifactKey: Guid(5ae10eab268e5974295195be0e461985) Importer(815301076,1909f56bfc062723c751e8b465ee728b)
Start importing Assets/OpenPose/Plugins/Log_MD_VC140_v3_0.dll using Guid(5ae10eab268e5974295195be0e461985) Importer(815301076,1909f56bfc062723c751e8b465ee728b)  -> (artifact id: '50a2ea5a2b872259d44827feb72680ed') in 0.006005 seconds 
========================================================================
Received Prepare
Registering precompiled user dll's ...
Registered in 0.024013 seconds.
Begin MonoManager ReloadAssembly
Could not load image C:\Users\amministratore\Desktop\BR\openpose_unity_plugin\OpenPosePlugin\Assets\OpenPose\Plugins\SpinnakerNETd_v140.dll due to Metadata verifier doesn't handle sections with SizeOfRawData < VirtualSize
Run the peverify utility against this for more information.
Could not load image C:\Users\amministratore\Desktop\BR\openpose_unity_plugin\OpenPosePlugin\Assets\OpenPose\Plugins\SpinnakerNET_v140.dll due to Metadata verifier doesn't handle sections with SizeOfRawData < VirtualSize
Run the peverify utility against this for more information.
Unloading broken assembly Assets/OpenPose/Plugins/SpinnakerNETGUId_v140.dll, this assembly can cause crashes in the runtime
Unloading broken assembly Assets/OpenPose/Plugins/ActiproSoftware.Shared.Wpf.dll, this assembly can cause crashes in the runtime
Unloading broken assembly Assets/OpenPose/Plugins/ActiproSoftware.Docking.Wpf.dll, this assembly can cause crashes in the runtime
Unloading broken assembly Assets/OpenPose/Plugins/SpinnakerNETGUI_v140.dll, this assembly can cause crashes in the runtime
Native extension for WindowsStandalone target not found
Refreshing native plugins compatible for Editor in 1.37 ms, found 79 plugins.
Preloading 0 native plugins for Editor in 0.00 ms.
Mono: successfully reloaded assembly
- Completed reload, in  1.398 seconds
Domain Reload Profiling:
	ReloadAssembly (1399ms)
		BeginReloadAssembly (147ms)
			ExecutionOrderSort (0ms)
			DisableScriptedObjects (8ms)
			BackupInstance (0ms)
			ReleaseScriptingObjects (0ms)
			CreateAndSetChildDomain (40ms)
		EndReloadAssembly (1124ms)
			LoadAssemblies (90ms)
			RebuildTransferFunctionScriptingTraits (0ms)
			SetupTypeCache (326ms)
			ReleaseScriptCaches (1ms)
			RebuildScriptCaches (62ms)
			SetupLoadedEditorAssemblies (542ms)
				LogAssemblyErrors (0ms)
				InitializePlatformSupportModulesInManaged (22ms)
				SetLoadedEditorAssemblies (1ms)
				RefreshPlugins (2ms)
				BeforeProcessingInitializeOnLoad (71ms)
				ProcessInitializeOnLoadAttributes (383ms)
				ProcessInitializeOnLoadMethodAttributes (50ms)
				AfterProcessingInitializeOnLoad (14ms)
				EditorAssembliesLoaded (0ms)
			ExecutionOrderSort2 (0ms)
			AwakeInstancesAfterBackupRestoration (15ms)
Platform modules already initialized, skipping
Refreshing native plugins compatible for Editor in 33.63 ms, found 79 plugins.
Preloading 0 native plugins for Editor in 0.00 ms.
Unloading 1592 Unused Serialized files (Serialized files now loaded: 0)
Unloading 100 unused Assets / (27.7 KB). Loaded Objects now: 1983.
Memory consumption went from 69.3 MB to 69.3 MB.
Total: 3.815600 ms (FindLiveObjects: 0.152300 ms CreateObjectMapping: 0.066100 ms MarkObjects: 3.523500 ms  DeleteObjects: 0.072200 ms)

AssetImportParameters requested are different than current active one (requested -> active):
  custom:video-decoder-ogg-theora: a1e56fd34408186e4bbccfd4996cb3dc -> 
  custom:container-muxer-webm: aa71ff27fc2769a1b78a27578f13a17b -> 
  custom:container-demuxer-webm: 4f35f7cbe854078d1ac9338744f61a02 -> 
  custom:video-encoder-webm-vp8: eb34c28f22e8b96e1ab97ce403110664 -> 
  custom:video-codec-MediaFoundation-h265: 746d11721c4dcdbdad8f713fa42b33f4 -> 
  custom:audio-encoder-webm-vorbis: bf7c407c2cedff20999df2af8eb42d56 -> 
  custom:framework-win-MediaFoundation: 216162199b28c13a410421893ffa2e32 -> 
  custom:container-demuxer-ogg: 62fdf1f143b41e24485cea50d1cbac27 -> 
  custom:video-decoder-webm-vp8: 9c59270c3fd7afecdb556c50c9e8de78 -> 
  custom:audio-decoder-ogg-vorbis: bf7c407c2cedff20999df2af8eb42d56 -> 
