Using pre-set license
Built from '2021.3/staging' branch; Version is '2021.3.1f1 (3b70a0754835) revision 3895456'; Using compiler version '192829333'; Build Type 'Release'
OS: 'Windows 10  (10.0.19044) 64bit Professional' Language: 'en' Physical Memory: 32624 MB
BatchMode: 1, IsHumanControllingUs: 0, StartBugReporterOnCrash: 0, Is64bit: 1, IsPro: 1

COMMAND LINE ARGUMENTS:
C:\Program Files\Unity\Hub\Editor\2021.3.1f1\Editor\Unity.exe
-adb2
-batchMode
-noUpm
-name
AssetImportWorker2
-projectPath
C:/Users/amministratore/Desktop/BR/openpose_unity_plugin/OpenPosePlugin
-logFile
Logs/AssetImportWorker2.log
-srvPort
64982
Successfully changed project path to: C:/Users/amministratore/Desktop/BR/openpose_unity_plugin/OpenPosePlugin
C:/Users/amministratore/Desktop/BR/openpose_unity_plugin/OpenPosePlugin
[UnityMemory] Configuration Parameters - Can be set up in boot.config
    "memorysetup-bucket-allocator-granularity=16"
    "memorysetup-bucket-allocator-bucket-count=8"
    "memorysetup-bucket-allocator-block-size=33554432"
    "memorysetup-bucket-allocator-block-count=8"
    "memorysetup-main-allocator-block-size=16777216"
    "memorysetup-thread-allocator-block-size=16777216"
    "memorysetup-gfx-main-allocator-block-size=16777216"
    "memorysetup-gfx-thread-allocator-block-size=16777216"
    "memorysetup-cache-allocator-block-size=4194304"
    "memorysetup-typetree-allocator-block-size=2097152"
    "memorysetup-profiler-bucket-allocator-granularity=16"
    "memorysetup-profiler-bucket-allocator-bucket-count=8"
    "memorysetup-profiler-bucket-allocator-block-size=33554432"
    "memorysetup-profiler-bucket-allocator-block-count=8"
    "memorysetup-profiler-allocator-block-size=16777216"
    "memorysetup-profiler-editor-allocator-block-size=1048576"
    "memorysetup-temp-allocator-size-main=16777216"
    "memorysetup-job-temp-allocator-block-size=2097152"
    "memorysetup-job-temp-allocator-block-size-background=1048576"
    "memorysetup-job-temp-allocator-reduction-small-platforms=262144"
    "memorysetup-temp-allocator-size-background-worker=32768"
    "memorysetup-temp-allocator-size-job-worker=262144"
    "memorysetup-temp-allocator-size-preload-manager=33554432"
    "memorysetup-temp-allocator-size-nav-mesh-worker=65536"
    "memorysetup-temp-allocator-size-audio-worker=65536"
    "memorysetup-temp-allocator-size-cloud-worker=32768"
    "memorysetup-temp-allocator-size-gi-baking-worker=262144"
    "memorysetup-temp-allocator-size-gfx=262144"
Refreshing native plugins compatible for Editor in 67.42 ms, found 79 plugins.
Preloading 0 native plugins for Editor in 0.00 ms.
Initialize engine version: 2021.3.1f1 (3b70a0754835)
[Subsystems] Discovering subsystems at path C:/Program Files/Unity/Hub/Editor/2021.3.1f1/Editor/Data/Resources/UnitySubsystems
[Subsystems] Discovering subsystems at path C:/Users/amministratore/Desktop/BR/openpose_unity_plugin/OpenPosePlugin/Assets
GfxDevice: creating device client; threaded=0; jobified=0
Direct3D:
    Version:  Direct3D 11.0 [level 11.1]
    Renderer: NVIDIA GeForce GTX 1070 (ID=0x1be1)
    Vendor:   NVIDIA
    VRAM:     8081 MB
    Driver:   30.0.15.1298
Initialize mono
Mono path[0] = 'C:/Program Files/Unity/Hub/Editor/2021.3.1f1/Editor/Data/Managed'
Mono path[1] = 'C:/Program Files/Unity/Hub/Editor/2021.3.1f1/Editor/Data/MonoBleedingEdge/lib/mono/unityjit-win32'
Mono config path = 'C:/Program Files/Unity/Hub/Editor/2021.3.1f1/Editor/Data/MonoBleedingEdge/etc'
Using monoOptions --debugger-agent=transport=dt_socket,embedding=1,server=y,suspend=n,address=127.0.0.1:56260
Begin MonoManager ReloadAssembly
Registering precompiled unity dll's ...
Register platform support module: C:/Program Files/Unity/Hub/Editor/2021.3.1f1/Editor/Data/PlaybackEngines/WindowsStandaloneSupport/UnityEditor.WindowsStandalone.Extensions.dll
Registered in 0.015131 seconds.
Native extension for WindowsStandalone target not found
Refreshing native plugins compatible for Editor in 36.40 ms, found 79 plugins.
Preloading 0 native plugins for Editor in 0.00 ms.
Mono: successfully reloaded assembly
- Completed reload, in  1.175 seconds
Domain Reload Profiling:
	ReloadAssembly (1176ms)
		BeginReloadAssembly (89ms)
			ExecutionOrderSort (0ms)
			DisableScriptedObjects (0ms)
			BackupInstance (0ms)
			ReleaseScriptingObjects (0ms)
			CreateAndSetChildDomain (1ms)
		EndReloadAssembly (735ms)
			LoadAssemblies (86ms)
			RebuildTransferFunctionScriptingTraits (0ms)
			SetupTypeCache (347ms)
			ReleaseScriptCaches (0ms)
			RebuildScriptCaches (37ms)
			SetupLoadedEditorAssemblies (284ms)
				LogAssemblyErrors (0ms)
				InitializePlatformSupportModulesInManaged (10ms)
				SetLoadedEditorAssemblies (0ms)
				RefreshPlugins (37ms)
				BeforeProcessingInitializeOnLoad (2ms)
				ProcessInitializeOnLoadAttributes (171ms)
				ProcessInitializeOnLoadMethodAttributes (64ms)
				AfterProcessingInitializeOnLoad (0ms)
				EditorAssembliesLoaded (0ms)
			ExecutionOrderSort2 (0ms)
			AwakeInstancesAfterBackupRestoration (0ms)
Platform modules already initialized, skipping
Registering precompiled user dll's ...
Registered in 0.028401 seconds.
Begin MonoManager ReloadAssembly
Could not load image C:\Users\amministratore\Desktop\BR\openpose_unity_plugin\OpenPosePlugin\Assets\OpenPose\Plugins\SpinnakerNETd_v140.dll due to Metadata verifier doesn't handle sections with SizeOfRawData < VirtualSize
Run the peverify utility against this for more information.
Could not load image C:\Users\amministratore\Desktop\BR\openpose_unity_plugin\OpenPosePlugin\Assets\OpenPose\Plugins\SpinnakerNET_v140.dll due to Metadata verifier doesn't handle sections with SizeOfRawData < VirtualSize
Run the peverify utility against this for more information.
Unloading broken assembly Assets/OpenPose/Plugins/SpinnakerNETGUId_v140.dll, this assembly can cause crashes in the runtime
Unloading broken assembly Assets/OpenPose/Plugins/ActiproSoftware.Shared.Wpf.dll, this assembly can cause crashes in the runtime
Unloading broken assembly Assets/OpenPose/Plugins/ActiproSoftware.Docking.Wpf.dll, this assembly can cause crashes in the runtime
Unloading broken assembly Assets/OpenPose/Plugins/SpinnakerNETGUI_v140.dll, this assembly can cause crashes in the runtime
Native extension for WindowsStandalone target not found
Refreshing native plugins compatible for Editor in 1.10 ms, found 79 plugins.
Preloading 0 native plugins for Editor in 0.00 ms.
Mono: successfully reloaded assembly
- Completed reload, in  1.307 seconds
Domain Reload Profiling:
	ReloadAssembly (1308ms)
		BeginReloadAssembly (131ms)
			ExecutionOrderSort (0ms)
			DisableScriptedObjects (7ms)
			BackupInstance (0ms)
			ReleaseScriptingObjects (0ms)
			CreateAndSetChildDomain (20ms)
		EndReloadAssembly (1018ms)
			LoadAssemblies (93ms)
			RebuildTransferFunctionScriptingTraits (0ms)
			SetupTypeCache (335ms)
			ReleaseScriptCaches (0ms)
			RebuildScriptCaches (52ms)
			SetupLoadedEditorAssemblies (473ms)
				LogAssemblyErrors (0ms)
				InitializePlatformSupportModulesInManaged (11ms)
				SetLoadedEditorAssemblies (1ms)
				RefreshPlugins (1ms)
				BeforeProcessingInitializeOnLoad (55ms)
				ProcessInitializeOnLoadAttributes (348ms)
				ProcessInitializeOnLoadMethodAttributes (46ms)
				AfterProcessingInitializeOnLoad (10ms)
				EditorAssembliesLoaded (0ms)
			ExecutionOrderSort2 (0ms)
			AwakeInstancesAfterBackupRestoration (11ms)
Platform modules already initialized, skipping
========================================================================
Worker process is ready to serve import requests
Launched and connected shader compiler UnityShaderCompiler.exe after 0.09 seconds
Refreshing native plugins compatible for Editor in 1.69 ms, found 79 plugins.
Preloading 0 native plugins for Editor in 0.00 ms.
Unloading 1598 Unused Serialized files (Serialized files now loaded: 0)
Unloading 111 unused Assets / (58.7 KB). Loaded Objects now: 1980.
Memory consumption went from 69.5 MB to 69.4 MB.
Total: 3.045000 ms (FindLiveObjects: 0.161100 ms CreateObjectMapping: 0.074500 ms MarkObjects: 2.656200 ms  DeleteObjects: 0.152100 ms)

AssetImportParameters requested are different than current active one (requested -> active):
  custom:video-decoder-ogg-theora: a1e56fd34408186e4bbccfd4996cb3dc -> 
  custom:container-muxer-webm: aa71ff27fc2769a1b78a27578f13a17b -> 
  custom:container-demuxer-webm: 4f35f7cbe854078d1ac9338744f61a02 -> 
  custom:video-encoder-webm-vp8: eb34c28f22e8b96e1ab97ce403110664 -> 
  custom:video-codec-MediaFoundation-h265: 746d11721c4dcdbdad8f713fa42b33f4 -> 
  custom:audio-encoder-webm-vorbis: bf7c407c2cedff20999df2af8eb42d56 -> 
  custom:framework-win-MediaFoundation: 216162199b28c13a410421893ffa2e32 -> 
  custom:container-demuxer-ogg: 62fdf1f143b41e24485cea50d1cbac27 -> 
  custom:video-decoder-webm-vp8: 9c59270c3fd7afecdb556c50c9e8de78 -> 
  custom:audio-decoder-ogg-vorbis: bf7c407c2cedff20999df2af8eb42d56 -> 
========================================================================
Received Import Request.
  Time since last request: 15017.842937 seconds.
  path: Assets/OpenPose/Plugins
  artifactKey: Guid(457c8fd8ccd3b7c419bc6bdb02113a37) Importer(815301076,1909f56bfc062723c751e8b465ee728b)
Start importing Assets/OpenPose/Plugins using Guid(457c8fd8ccd3b7c419bc6bdb02113a37) Importer(815301076,1909f56bfc062723c751e8b465ee728b)  -> (artifact id: 'bf99c284589d9bfed6ee5bd457d354f1') in 0.010220 seconds 
========================================================================
Received Import Request.
  Time since last request: 40.461475 seconds.
  path: Assets/OpenPose/Modules/Scripts/OPBind.cs
  artifactKey: Guid(2f7caa0b1b3fda04aa17dd4235ca551b) Importer(815301076,1909f56bfc062723c751e8b465ee728b)
Start importing Assets/OpenPose/Modules/Scripts/OPBind.cs using Guid(2f7caa0b1b3fda04aa17dd4235ca551b) Importer(815301076,1909f56bfc062723c751e8b465ee728b)  -> (artifact id: '0f2b0504c5fc4c1b17afd5684b4978fd') in 2.488018 seconds 
========================================================================
Received Prepare
Registering precompiled user dll's ...
Registered in 0.037442 seconds.
Begin MonoManager ReloadAssembly
Could not load image C:\Users\amministratore\Desktop\BR\openpose_unity_plugin\OpenPosePlugin\Assets\OpenPose\Plugins\SpinnakerNETd_v140.dll due to Metadata verifier doesn't handle sections with SizeOfRawData < VirtualSize
Run the peverify utility against this for more information.
Could not load image C:\Users\amministratore\Desktop\BR\openpose_unity_plugin\OpenPosePlugin\Assets\OpenPose\Plugins\SpinnakerNET_v140.dll due to Metadata verifier doesn't handle sections with SizeOfRawData < VirtualSize
Run the peverify utility against this for more information.
Unloading broken assembly Assets/OpenPose/Plugins/SpinnakerNETGUId_v140.dll, this assembly can cause crashes in the runtime
Unloading broken assembly Assets/OpenPose/Plugins/ActiproSoftware.Shared.Wpf.dll, this assembly can cause crashes in the runtime
Unloading broken assembly Assets/OpenPose/Plugins/ActiproSoftware.Docking.Wpf.dll, this assembly can cause crashes in the runtime
Unloading broken assembly Assets/OpenPose/Plugins/SpinnakerNETGUI_v140.dll, this assembly can cause crashes in the runtime
Native extension for WindowsStandalone target not found
Refreshing native plugins compatible for Editor in 4.05 ms, found 79 plugins.
Preloading 0 native plugins for Editor in 0.00 ms.
Mono: successfully reloaded assembly
- Completed reload, in  3.285 seconds
Domain Reload Profiling:
	ReloadAssembly (3286ms)
		BeginReloadAssembly (196ms)
			ExecutionOrderSort (0ms)
			DisableScriptedObjects (14ms)
			BackupInstance (0ms)
			ReleaseScriptingObjects (0ms)
			CreateAndSetChildDomain (52ms)
		EndReloadAssembly (2942ms)
			LoadAssemblies (116ms)
			RebuildTransferFunctionScriptingTraits (0ms)
			SetupTypeCache (665ms)
			ReleaseScriptCaches (3ms)
			RebuildScriptCaches (148ms)
			SetupLoadedEditorAssemblies (1758ms)
				LogAssemblyErrors (0ms)
				InitializePlatformSupportModulesInManaged (46ms)
				SetLoadedEditorAssemblies (1ms)
				RefreshPlugins (4ms)
				BeforeProcessingInitializeOnLoad (257ms)
				ProcessInitializeOnLoadAttributes (1361ms)
				ProcessInitializeOnLoadMethodAttributes (69ms)
				AfterProcessingInitializeOnLoad (19ms)
				EditorAssembliesLoaded (0ms)
			ExecutionOrderSort2 (0ms)
			AwakeInstancesAfterBackupRestoration (20ms)
Platform modules already initialized, skipping
Refreshing native plugins compatible for Editor in 220.44 ms, found 79 plugins.
Preloading 0 native plugins for Editor in 0.00 ms.
Unloading 1592 Unused Serialized files (Serialized files now loaded: 0)
Unloading 100 unused Assets / (28.6 KB). Loaded Objects now: 1983.
Memory consumption went from 69.3 MB to 69.2 MB.
Total: 32.231500 ms (FindLiveObjects: 0.288800 ms CreateObjectMapping: 0.359700 ms MarkObjects: 31.478800 ms  DeleteObjects: 0.101700 ms)

AssetImportParameters requested are different than current active one (requested -> active):
  custom:video-decoder-ogg-theora: a1e56fd34408186e4bbccfd4996cb3dc -> 
  custom:container-muxer-webm: aa71ff27fc2769a1b78a27578f13a17b -> 
  custom:container-demuxer-webm: 4f35f7cbe854078d1ac9338744f61a02 -> 
  custom:video-encoder-webm-vp8: eb34c28f22e8b96e1ab97ce403110664 -> 
  custom:video-codec-MediaFoundation-h265: 746d11721c4dcdbdad8f713fa42b33f4 -> 
  custom:audio-encoder-webm-vorbis: bf7c407c2cedff20999df2af8eb42d56 -> 
  custom:framework-win-MediaFoundation: 216162199b28c13a410421893ffa2e32 -> 
  custom:container-demuxer-ogg: 62fdf1f143b41e24485cea50d1cbac27 -> 
  custom:video-decoder-webm-vp8: 9c59270c3fd7afecdb556c50c9e8de78 -> 
  custom:audio-decoder-ogg-vorbis: bf7c407c2cedff20999df2af8eb42d56 -> 
========================================================================
Received Prepare
Registering precompiled user dll's ...
Registered in 0.022808 seconds.
Begin MonoManager ReloadAssembly
Could not load image C:\Users\amministratore\Desktop\BR\openpose_unity_plugin\OpenPosePlugin\Assets\OpenPose\Plugins\SpinnakerNETd_v140.dll due to Metadata verifier doesn't handle sections with SizeOfRawData < VirtualSize
Run the peverify utility against this for more information.
Could not load image C:\Users\amministratore\Desktop\BR\openpose_unity_plugin\OpenPosePlugin\Assets\OpenPose\Plugins\SpinnakerNET_v140.dll due to Metadata verifier doesn't handle sections with SizeOfRawData < VirtualSize
Run the peverify utility against this for more information.
Unloading broken assembly Assets/OpenPose/Plugins/SpinnakerNETGUId_v140.dll, this assembly can cause crashes in the runtime
Unloading broken assembly Assets/OpenPose/Plugins/ActiproSoftware.Shared.Wpf.dll, this assembly can cause crashes in the runtime
Unloading broken assembly Assets/OpenPose/Plugins/ActiproSoftware.Docking.Wpf.dll, this assembly can cause crashes in the runtime
Unloading broken assembly Assets/OpenPose/Plugins/SpinnakerNETGUI_v140.dll, this assembly can cause crashes in the runtime
Native extension for WindowsStandalone target not found
Refreshing native plugins compatible for Editor in 1.45 ms, found 79 plugins.
Preloading 0 native plugins for Editor in 0.00 ms.
Mono: successfully reloaded assembly
- Completed reload, in  1.150 seconds
Domain Reload Profiling:
	ReloadAssembly (1153ms)
		BeginReloadAssembly (140ms)
			ExecutionOrderSort (0ms)
			DisableScriptedObjects (8ms)
			BackupInstance (0ms)
			ReleaseScriptingObjects (0ms)
			CreateAndSetChildDomain (34ms)
		EndReloadAssembly (898ms)
			LoadAssemblies (90ms)
			RebuildTransferFunctionScriptingTraits (0ms)
			SetupTypeCache (284ms)
			ReleaseScriptCaches (1ms)
			RebuildScriptCaches (52ms)
			SetupLoadedEditorAssemblies (377ms)
				LogAssemblyErrors (0ms)
				InitializePlatformSupportModulesInManaged (17ms)
				SetLoadedEditorAssemblies (1ms)
				RefreshPlugins (2ms)
				BeforeProcessingInitializeOnLoad (68ms)
				ProcessInitializeOnLoadAttributes (243ms)
				ProcessInitializeOnLoadMethodAttributes (34ms)
				AfterProcessingInitializeOnLoad (12ms)
				EditorAssembliesLoaded (0ms)
			ExecutionOrderSort2 (0ms)
			AwakeInstancesAfterBackupRestoration (14ms)
Platform modules already initialized, skipping
Refreshing native plugins compatible for Editor in 28.83 ms, found 79 plugins.
Preloading 0 native plugins for Editor in 0.00 ms.
Unloading 1592 Unused Serialized files (Serialized files now loaded: 0)
Unloading 100 unused Assets / (27.8 KB). Loaded Objects now: 1986.
Memory consumption went from 69.3 MB to 69.2 MB.
Total: 2.909300 ms (FindLiveObjects: 0.136300 ms CreateObjectMapping: 0.115700 ms MarkObjects: 2.610900 ms  DeleteObjects: 0.045500 ms)

AssetImportParameters requested are different than current active one (requested -> active):
  custom:video-decoder-ogg-theora: a1e56fd34408186e4bbccfd4996cb3dc -> 
  custom:container-muxer-webm: aa71ff27fc2769a1b78a27578f13a17b -> 
  custom:container-demuxer-webm: 4f35f7cbe854078d1ac9338744f61a02 -> 
  custom:video-encoder-webm-vp8: eb34c28f22e8b96e1ab97ce403110664 -> 
  custom:video-codec-MediaFoundation-h265: 746d11721c4dcdbdad8f713fa42b33f4 -> 
  custom:audio-encoder-webm-vorbis: bf7c407c2cedff20999df2af8eb42d56 -> 
  custom:framework-win-MediaFoundation: 216162199b28c13a410421893ffa2e32 -> 
  custom:container-demuxer-ogg: 62fdf1f143b41e24485cea50d1cbac27 -> 
  custom:video-decoder-webm-vp8: 9c59270c3fd7afecdb556c50c9e8de78 -> 
  custom:audio-decoder-ogg-vorbis: bf7c407c2cedff20999df2af8eb42d56 -> 
========================================================================
Received Prepare
Registering precompiled user dll's ...
Registered in 0.033934 seconds.
Begin MonoManager ReloadAssembly
Could not load image C:\Users\amministratore\Desktop\BR\openpose_unity_plugin\OpenPosePlugin\Assets\OpenPose\Plugins\SpinnakerNETd_v140.dll due to Metadata verifier doesn't handle sections with SizeOfRawData < VirtualSize
Run the peverify utility against this for more information.
Could not load image C:\Users\amministratore\Desktop\BR\openpose_unity_plugin\OpenPosePlugin\Assets\OpenPose\Plugins\SpinnakerNET_v140.dll due to Metadata verifier doesn't handle sections with SizeOfRawData < VirtualSize
Run the peverify utility against this for more information.
Unloading broken assembly Assets/OpenPose/Plugins/SpinnakerNETGUId_v140.dll, this assembly can cause crashes in the runtime
Unloading broken assembly Assets/OpenPose/Plugins/ActiproSoftware.Shared.Wpf.dll, this assembly can cause crashes in the runtime
Unloading broken assembly Assets/OpenPose/Plugins/ActiproSoftware.Docking.Wpf.dll, this assembly can cause crashes in the runtime
Unloading broken assembly Assets/OpenPose/Plugins/SpinnakerNETGUI_v140.dll, this assembly can cause crashes in the runtime
Native extension for WindowsStandalone target not found
Refreshing native plugins compatible for Editor in 2.50 ms, found 79 plugins.
Preloading 0 native plugins for Editor in 0.00 ms.
Mono: successfully reloaded assembly
- Completed reload, in  2.210 seconds
Domain Reload Profiling:
	ReloadAssembly (2212ms)
		BeginReloadAssembly (260ms)
			ExecutionOrderSort (0ms)
			DisableScriptedObjects (19ms)
			BackupInstance (0ms)
			ReleaseScriptingObjects (0ms)
			CreateAndSetChildDomain (62ms)
		EndReloadAssembly (1756ms)
			LoadAssemblies (170ms)
			RebuildTransferFunctionScriptingTraits (0ms)
			SetupTypeCache (544ms)
			ReleaseScriptCaches (9ms)
			RebuildScriptCaches (125ms)
			SetupLoadedEditorAssemblies (736ms)
				LogAssemblyErrors (0ms)
				InitializePlatformSupportModulesInManaged (34ms)
				SetLoadedEditorAssemblies (1ms)
				RefreshPlugins (3ms)
				BeforeProcessingInitializeOnLoad (125ms)
				ProcessInitializeOnLoadAttributes (472ms)
				ProcessInitializeOnLoadMethodAttributes (71ms)
				AfterProcessingInitializeOnLoad (29ms)
				EditorAssembliesLoaded (0ms)
			ExecutionOrderSort2 (0ms)
			AwakeInstancesAfterBackupRestoration (31ms)
Platform modules already initialized, skipping
Refreshing native plugins compatible for Editor in 34.50 ms, found 79 plugins.
Preloading 0 native plugins for Editor in 0.00 ms.
Unloading 1592 Unused Serialized files (Serialized files now loaded: 0)
Unloading 100 unused Assets / (27.8 KB). Loaded Objects now: 1989.
Memory consumption went from 69.3 MB to 69.3 MB.
Total: 5.784500 ms (FindLiveObjects: 0.185400 ms CreateObjectMapping: 0.070300 ms MarkObjects: 5.392800 ms  DeleteObjects: 0.134300 ms)

AssetImportParameters requested are different than current active one (requested -> active):
  custom:video-decoder-ogg-theora: a1e56fd34408186e4bbccfd4996cb3dc -> 
  custom:container-muxer-webm: aa71ff27fc2769a1b78a27578f13a17b -> 
  custom:container-demuxer-webm: 4f35f7cbe854078d1ac9338744f61a02 -> 
  custom:video-encoder-webm-vp8: eb34c28f22e8b96e1ab97ce403110664 -> 
  custom:video-codec-MediaFoundation-h265: 746d11721c4dcdbdad8f713fa42b33f4 -> 
  custom:audio-encoder-webm-vorbis: bf7c407c2cedff20999df2af8eb42d56 -> 
  custom:framework-win-MediaFoundation: 216162199b28c13a410421893ffa2e32 -> 
  custom:container-demuxer-ogg: 62fdf1f143b41e24485cea50d1cbac27 -> 
  custom:video-decoder-webm-vp8: 9c59270c3fd7afecdb556c50c9e8de78 -> 
  custom:audio-decoder-ogg-vorbis: bf7c407c2cedff20999df2af8eb42d56 -> 
========================================================================
Received Prepare
Registering precompiled user dll's ...
Registered in 0.027424 seconds.
Begin MonoManager ReloadAssembly
Could not load image C:\Users\amministratore\Desktop\BR\openpose_unity_plugin\OpenPosePlugin\Assets\OpenPose\Plugins\SpinnakerNETd_v140.dll due to Metadata verifier doesn't handle sections with SizeOfRawData < VirtualSize
Run the peverify utility against this for more information.
Could not load image C:\Users\amministratore\Desktop\BR\openpose_unity_plugin\OpenPosePlugin\Assets\OpenPose\Plugins\SpinnakerNET_v140.dll due to Metadata verifier doesn't handle sections with SizeOfRawData < VirtualSize
Run the peverify utility against this for more information.
Unloading broken assembly Assets/OpenPose/Plugins/SpinnakerNETGUId_v140.dll, this assembly can cause crashes in the runtime
Unloading broken assembly Assets/OpenPose/Plugins/ActiproSoftware.Shared.Wpf.dll, this assembly can cause crashes in the runtime
Unloading broken assembly Assets/OpenPose/Plugins/ActiproSoftware.Docking.Wpf.dll, this assembly can cause crashes in the runtime
Unloading broken assembly Assets/OpenPose/Plugins/SpinnakerNETGUI_v140.dll, this assembly can cause crashes in the runtime
Native extension for WindowsStandalone target not found
Refreshing native plugins compatible for Editor in 2.33 ms, found 79 plugins.
Preloading 0 native plugins for Editor in 0.00 ms.
Mono: successfully reloaded assembly
- Completed reload, in  1.317 seconds
Domain Reload Profiling:
	ReloadAssembly (1318ms)
		BeginReloadAssembly (149ms)
			ExecutionOrderSort (0ms)
			DisableScriptedObjects (11ms)
			BackupInstance (0ms)
			ReleaseScriptingObjects (0ms)
			CreateAndSetChildDomain (37ms)
		EndReloadAssembly (1060ms)
			LoadAssemblies (87ms)
			RebuildTransferFunctionScriptingTraits (0ms)
			SetupTypeCache (352ms)
			ReleaseScriptCaches (1ms)
			RebuildScriptCaches (72ms)
			SetupLoadedEditorAssemblies (451ms)
				LogAssemblyErrors (0ms)
				InitializePlatformSupportModulesInManaged (21ms)
				SetLoadedEditorAssemblies (1ms)
				RefreshPlugins (2ms)
				BeforeProcessingInitializeOnLoad (77ms)
				ProcessInitializeOnLoadAttributes (290ms)
				ProcessInitializeOnLoadMethodAttributes (45ms)
				AfterProcessingInitializeOnLoad (14ms)
				EditorAssembliesLoaded (0ms)
			ExecutionOrderSort2 (0ms)
			AwakeInstancesAfterBackupRestoration (14ms)
Platform modules already initialized, skipping
Refreshing native plugins compatible for Editor in 125.27 ms, found 79 plugins.
Preloading 0 native plugins for Editor in 0.00 ms.
Unloading 1592 Unused Serialized files (Serialized files now loaded: 0)
Unloading 100 unused Assets / (27.8 KB). Loaded Objects now: 1992.
Memory consumption went from 69.3 MB to 69.3 MB.
Total: 3.165300 ms (FindLiveObjects: 0.154700 ms CreateObjectMapping: 0.067600 ms MarkObjects: 2.898200 ms  DeleteObjects: 0.043600 ms)

AssetImportParameters requested are different than current active one (requested -> active):
  custom:video-decoder-ogg-theora: a1e56fd34408186e4bbccfd4996cb3dc -> 
  custom:container-muxer-webm: aa71ff27fc2769a1b78a27578f13a17b -> 
  custom:container-demuxer-webm: 4f35f7cbe854078d1ac9338744f61a02 -> 
  custom:video-encoder-webm-vp8: eb34c28f22e8b96e1ab97ce403110664 -> 
  custom:video-codec-MediaFoundation-h265: 746d11721c4dcdbdad8f713fa42b33f4 -> 
  custom:audio-encoder-webm-vorbis: bf7c407c2cedff20999df2af8eb42d56 -> 
  custom:framework-win-MediaFoundation: 216162199b28c13a410421893ffa2e32 -> 
  custom:container-demuxer-ogg: 62fdf1f143b41e24485cea50d1cbac27 -> 
  custom:video-decoder-webm-vp8: 9c59270c3fd7afecdb556c50c9e8de78 -> 
  custom:audio-decoder-ogg-vorbis: bf7c407c2cedff20999df2af8eb42d56 -> 
========================================================================
Received Prepare
Registering precompiled user dll's ...
Registered in 0.041646 seconds.
Begin MonoManager ReloadAssembly
Could not load image C:\Users\amministratore\Desktop\BR\openpose_unity_plugin\OpenPosePlugin\Assets\OpenPose\Plugins\SpinnakerNETd_v140.dll due to Metadata verifier doesn't handle sections with SizeOfRawData < VirtualSize
Run the peverify utility against this for more information.
Could not load image C:\Users\amministratore\Desktop\BR\openpose_unity_plugin\OpenPosePlugin\Assets\OpenPose\Plugins\SpinnakerNET_v140.dll due to Metadata verifier doesn't handle sections with SizeOfRawData < VirtualSize
Run the peverify utility against this for more information.
Unloading broken assembly Assets/OpenPose/Plugins/SpinnakerNETGUId_v140.dll, this assembly can cause crashes in the runtime
Unloading broken assembly Assets/OpenPose/Plugins/ActiproSoftware.Shared.Wpf.dll, this assembly can cause crashes in the runtime
Unloading broken assembly Assets/OpenPose/Plugins/ActiproSoftware.Docking.Wpf.dll, this assembly can cause crashes in the runtime
Unloading broken assembly Assets/OpenPose/Plugins/SpinnakerNETGUI_v140.dll, this assembly can cause crashes in the runtime
Native extension for WindowsStandalone target not found
Refreshing native plugins compatible for Editor in 2.23 ms, found 79 plugins.
Preloading 0 native plugins for Editor in 0.00 ms.
Mono: successfully reloaded assembly
- Completed reload, in  2.613 seconds
Domain Reload Profiling:
	ReloadAssembly (2614ms)
		BeginReloadAssembly (226ms)
			ExecutionOrderSort (0ms)
			DisableScriptedObjects (15ms)
			BackupInstance (0ms)
			ReleaseScriptingObjects (0ms)
			CreateAndSetChildDomain (42ms)
		EndReloadAssembly (2157ms)
			LoadAssemblies (161ms)
			RebuildTransferFunctionScriptingTraits (0ms)
			SetupTypeCache (800ms)
			ReleaseScriptCaches (2ms)
			RebuildScriptCaches (128ms)
			SetupLoadedEditorAssemblies (790ms)
				LogAssemblyErrors (1ms)
				InitializePlatformSupportModulesInManaged (51ms)
				SetLoadedEditorAssemblies (1ms)
				RefreshPlugins (2ms)
				BeforeProcessingInitializeOnLoad (135ms)
				ProcessInitializeOnLoadAttributes (507ms)
				ProcessInitializeOnLoadMethodAttributes (73ms)
				AfterProcessingInitializeOnLoad (19ms)
				EditorAssembliesLoaded (0ms)
			ExecutionOrderSort2 (0ms)
			AwakeInstancesAfterBackupRestoration (16ms)
Platform modules already initialized, skipping
Refreshing native plugins compatible for Editor in 41.47 ms, found 79 plugins.
Preloading 0 native plugins for Editor in 0.00 ms.
Unloading 1592 Unused Serialized files (Serialized files now loaded: 0)
Unloading 100 unused Assets / (27.8 KB). Loaded Objects now: 1995.
Memory consumption went from 69.3 MB to 69.3 MB.
Total: 7.954700 ms (FindLiveObjects: 0.221300 ms CreateObjectMapping: 0.146300 ms MarkObjects: 7.510200 ms  DeleteObjects: 0.075500 ms)

AssetImportParameters requested are different than current active one (requested -> active):
  custom:video-decoder-ogg-theora: a1e56fd34408186e4bbccfd4996cb3dc -> 
  custom:container-muxer-webm: aa71ff27fc2769a1b78a27578f13a17b -> 
  custom:container-demuxer-webm: 4f35f7cbe854078d1ac9338744f61a02 -> 
  custom:video-encoder-webm-vp8: eb34c28f22e8b96e1ab97ce403110664 -> 
  custom:video-codec-MediaFoundation-h265: 746d11721c4dcdbdad8f713fa42b33f4 -> 
  custom:audio-encoder-webm-vorbis: bf7c407c2cedff20999df2af8eb42d56 -> 
  custom:framework-win-MediaFoundation: 216162199b28c13a410421893ffa2e32 -> 
  custom:container-demuxer-ogg: 62fdf1f143b41e24485cea50d1cbac27 -> 
  custom:video-decoder-webm-vp8: 9c59270c3fd7afecdb556c50c9e8de78 -> 
  custom:audio-decoder-ogg-vorbis: bf7c407c2cedff20999df2af8eb42d56 -> 
========================================================================
Received Prepare
Registering precompiled user dll's ...
Registered in 0.051496 seconds.
Begin MonoManager ReloadAssembly
Could not load image C:\Users\amministratore\Desktop\BR\openpose_unity_plugin\OpenPosePlugin\Assets\OpenPose\Plugins\SpinnakerNETd_v140.dll due to Metadata verifier doesn't handle sections with SizeOfRawData < VirtualSize
Run the peverify utility against this for more information.
Could not load image C:\Users\amministratore\Desktop\BR\openpose_unity_plugin\OpenPosePlugin\Assets\OpenPose\Plugins\SpinnakerNET_v140.dll due to Metadata verifier doesn't handle sections with SizeOfRawData < VirtualSize
Run the peverify utility against this for more information.
Unloading broken assembly Assets/OpenPose/Plugins/SpinnakerNETGUId_v140.dll, this assembly can cause crashes in the runtime
Unloading broken assembly Assets/OpenPose/Plugins/ActiproSoftware.Shared.Wpf.dll, this assembly can cause crashes in the runtime
Unloading broken assembly Assets/OpenPose/Plugins/ActiproSoftware.Docking.Wpf.dll, this assembly can cause crashes in the runtime
Unloading broken assembly Assets/OpenPose/Plugins/SpinnakerNETGUI_v140.dll, this assembly can cause crashes in the runtime
Native extension for WindowsStandalone target not found
Refreshing native plugins compatible for Editor in 3.19 ms, found 79 plugins.
Preloading 0 native plugins for Editor in 0.00 ms.
Mono: successfully reloaded assembly
- Completed reload, in  3.170 seconds
Domain Reload Profiling:
	ReloadAssembly (3172ms)
		BeginReloadAssembly (269ms)
			ExecutionOrderSort (0ms)
			DisableScriptedObjects (15ms)
			BackupInstance (0ms)
			ReleaseScriptingObjects (0ms)
			CreateAndSetChildDomain (66ms)
		EndReloadAssembly (2630ms)
			LoadAssemblies (179ms)
			RebuildTransferFunctionScriptingTraits (0ms)
			SetupTypeCache (841ms)
			ReleaseScriptCaches (1ms)
			RebuildScriptCaches (123ms)
			SetupLoadedEditorAssemblies (1124ms)
				LogAssemblyErrors (0ms)
				InitializePlatformSupportModulesInManaged (47ms)
				SetLoadedEditorAssemblies (1ms)
				RefreshPlugins (3ms)
				BeforeProcessingInitializeOnLoad (191ms)
				ProcessInitializeOnLoadAttributes (756ms)
				ProcessInitializeOnLoadMethodAttributes (100ms)
				AfterProcessingInitializeOnLoad (25ms)
				EditorAssembliesLoaded (0ms)
			ExecutionOrderSort2 (0ms)
			AwakeInstancesAfterBackupRestoration (38ms)
Platform modules already initialized, skipping
Refreshing native plugins compatible for Editor in 64.98 ms, found 79 plugins.
Preloading 0 native plugins for Editor in 0.00 ms.
Unloading 1592 Unused Serialized files (Serialized files now loaded: 0)
Unloading 100 unused Assets / (27.8 KB). Loaded Objects now: 1998.
Memory consumption went from 69.3 MB to 69.3 MB.
Total: 7.076000 ms (FindLiveObjects: 0.448100 ms CreateObjectMapping: 0.179200 ms MarkObjects: 6.349100 ms  DeleteObjects: 0.065800 ms)

AssetImportParameters requested are different than current active one (requested -> active):
  custom:video-decoder-ogg-theora: a1e56fd34408186e4bbccfd4996cb3dc -> 
  custom:container-muxer-webm: aa71ff27fc2769a1b78a27578f13a17b -> 
  custom:container-demuxer-webm: 4f35f7cbe854078d1ac9338744f61a02 -> 
  custom:video-encoder-webm-vp8: eb34c28f22e8b96e1ab97ce403110664 -> 
  custom:video-codec-MediaFoundation-h265: 746d11721c4dcdbdad8f713fa42b33f4 -> 
  custom:audio-encoder-webm-vorbis: bf7c407c2cedff20999df2af8eb42d56 -> 
  custom:framework-win-MediaFoundation: 216162199b28c13a410421893ffa2e32 -> 
  custom:container-demuxer-ogg: 62fdf1f143b41e24485cea50d1cbac27 -> 
  custom:video-decoder-webm-vp8: 9c59270c3fd7afecdb556c50c9e8de78 -> 
  custom:audio-decoder-ogg-vorbis: bf7c407c2cedff20999df2af8eb42d56 -> 
========================================================================
Received Prepare
Registering precompiled user dll's ...
Registered in 0.053590 seconds.
Begin MonoManager ReloadAssembly
Could not load image C:\Users\amministratore\Desktop\BR\openpose_unity_plugin\OpenPosePlugin\Assets\OpenPose\Plugins\SpinnakerNETd_v140.dll due to Metadata verifier doesn't handle sections with SizeOfRawData < VirtualSize
Run the peverify utility against this for more information.
Could not load image C:\Users\amministratore\Desktop\BR\openpose_unity_plugin\OpenPosePlugin\Assets\OpenPose\Plugins\SpinnakerNET_v140.dll due to Metadata verifier doesn't handle sections with SizeOfRawData < VirtualSize
Run the peverify utility against this for more information.
Unloading broken assembly Assets/OpenPose/Plugins/SpinnakerNETGUId_v140.dll, this assembly can cause crashes in the runtime
Unloading broken assembly Assets/OpenPose/Plugins/ActiproSoftware.Shared.Wpf.dll, this assembly can cause crashes in the runtime
Unloading broken assembly Assets/OpenPose/Plugins/ActiproSoftware.Docking.Wpf.dll, this assembly can cause crashes in the runtime
Unloading broken assembly Assets/OpenPose/Plugins/SpinnakerNETGUI_v140.dll, this assembly can cause crashes in the runtime
Native extension for WindowsStandalone target not found
Refreshing native plugins compatible for Editor in 2.77 ms, found 79 plugins.
Preloading 0 native plugins for Editor in 0.00 ms.
Mono: successfully reloaded assembly
- Completed reload, in  2.430 seconds
Domain Reload Profiling:
	ReloadAssembly (2431ms)
		BeginReloadAssembly (205ms)
			ExecutionOrderSort (0ms)
			DisableScriptedObjects (12ms)
			BackupInstance (0ms)
			ReleaseScriptingObjects (0ms)
			CreateAndSetChildDomain (42ms)
		EndReloadAssembly (1995ms)
			LoadAssemblies (152ms)
			RebuildTransferFunctionScriptingTraits (0ms)
			SetupTypeCache (645ms)
			ReleaseScriptCaches (1ms)
			RebuildScriptCaches (105ms)
			SetupLoadedEditorAssemblies (936ms)
				LogAssemblyErrors (0ms)
				InitializePlatformSupportModulesInManaged (81ms)
				SetLoadedEditorAssemblies (2ms)
				RefreshPlugins (3ms)
				BeforeProcessingInitializeOnLoad (211ms)
				ProcessInitializeOnLoadAttributes (542ms)
				ProcessInitializeOnLoadMethodAttributes (78ms)
				AfterProcessingInitializeOnLoad (19ms)
				EditorAssembliesLoaded (0ms)
			ExecutionOrderSort2 (0ms)
			AwakeInstancesAfterBackupRestoration (19ms)
Platform modules already initialized, skipping
Refreshing native plugins compatible for Editor in 65.32 ms, found 79 plugins.
Preloading 0 native plugins for Editor in 0.00 ms.
Unloading 1592 Unused Serialized files (Serialized files now loaded: 0)
Unloading 100 unused Assets / (27.7 KB). Loaded Objects now: 2001.
Memory consumption went from 69.3 MB to 69.3 MB.
Total: 6.341200 ms (FindLiveObjects: 0.190400 ms CreateObjectMapping: 0.109600 ms MarkObjects: 5.971300 ms  DeleteObjects: 0.068300 ms)

AssetImportParameters requested are different than current active one (requested -> active):
  custom:video-decoder-ogg-theora: a1e56fd34408186e4bbccfd4996cb3dc -> 
  custom:container-muxer-webm: aa71ff27fc2769a1b78a27578f13a17b -> 
  custom:container-demuxer-webm: 4f35f7cbe854078d1ac9338744f61a02 -> 
  custom:video-encoder-webm-vp8: eb34c28f22e8b96e1ab97ce403110664 -> 
  custom:video-codec-MediaFoundation-h265: 746d11721c4dcdbdad8f713fa42b33f4 -> 
  custom:audio-encoder-webm-vorbis: bf7c407c2cedff20999df2af8eb42d56 -> 
  custom:framework-win-MediaFoundation: 216162199b28c13a410421893ffa2e32 -> 
  custom:container-demuxer-ogg: 62fdf1f143b41e24485cea50d1cbac27 -> 
  custom:video-decoder-webm-vp8: 9c59270c3fd7afecdb556c50c9e8de78 -> 
  custom:audio-decoder-ogg-vorbis: bf7c407c2cedff20999df2af8eb42d56 -> 
========================================================================
Received Import Request.
  Time since last request: 5382.669544 seconds.
  path: Assets/OpenPose/Examples/Scripts/OpenPoseUserScript_Demo.cs
  artifactKey: Guid(86ec4c4274a386c4fae2b8e7962ba208) Importer(815301076,1909f56bfc062723c751e8b465ee728b)
Start importing Assets/OpenPose/Examples/Scripts/OpenPoseUserScript_Demo.cs using Guid(86ec4c4274a386c4fae2b8e7962ba208) Importer(815301076,1909f56bfc062723c751e8b465ee728b)  -> (artifact id: 'a0772fffe95d317478956481f4ac405e') in 0.013897 seconds 
========================================================================
Received Prepare
Registering precompiled user dll's ...
Registered in 0.030638 seconds.
Begin MonoManager ReloadAssembly
Could not load image C:\Users\amministratore\Desktop\BR\openpose_unity_plugin\OpenPosePlugin\Assets\OpenPose\Plugins\SpinnakerNETd_v140.dll due to Metadata verifier doesn't handle sections with SizeOfRawData < VirtualSize
Run the peverify utility against this for more information.
Could not load image C:\Users\amministratore\Desktop\BR\openpose_unity_plugin\OpenPosePlugin\Assets\OpenPose\Plugins\SpinnakerNET_v140.dll due to Metadata verifier doesn't handle sections with SizeOfRawData < VirtualSize
Run the peverify utility against this for more information.
Unloading broken assembly Assets/OpenPose/Plugins/SpinnakerNETGUId_v140.dll, this assembly can cause crashes in the runtime
Unloading broken assembly Assets/OpenPose/Plugins/ActiproSoftware.Shared.Wpf.dll, this assembly can cause crashes in the runtime
Unloading broken assembly Assets/OpenPose/Plugins/ActiproSoftware.Docking.Wpf.dll, this assembly can cause crashes in the runtime
Unloading broken assembly Assets/OpenPose/Plugins/SpinnakerNETGUI_v140.dll, this assembly can cause crashes in the runtime
Native extension for WindowsStandalone target not found
Refreshing native plugins compatible for Editor in 2.27 ms, found 79 plugins.
Preloading 0 native plugins for Editor in 0.00 ms.
Mono: successfully reloaded assembly
- Completed reload, in  1.516 seconds
Domain Reload Profiling:
	ReloadAssembly (1517ms)
		BeginReloadAssembly (186ms)
			ExecutionOrderSort (0ms)
			DisableScriptedObjects (10ms)
			BackupInstance (0ms)
			ReleaseScriptingObjects (0ms)
			CreateAndSetChildDomain (40ms)
		EndReloadAssembly (1139ms)
			LoadAssemblies (113ms)
			RebuildTransferFunctionScriptingTraits (0ms)
			SetupTypeCache (349ms)
			ReleaseScriptCaches (1ms)
			RebuildScriptCaches (60ms)
			SetupLoadedEditorAssemblies (520ms)
				LogAssemblyErrors (0ms)
				InitializePlatformSupportModulesInManaged (28ms)
				SetLoadedEditorAssemblies (1ms)
				RefreshPlugins (2ms)
				BeforeProcessingInitializeOnLoad (84ms)
				ProcessInitializeOnLoadAttributes (346ms)
				ProcessInitializeOnLoadMethodAttributes (46ms)
				AfterProcessingInitializeOnLoad (12ms)
				EditorAssembliesLoaded (0ms)
			ExecutionOrderSort2 (0ms)
			AwakeInstancesAfterBackupRestoration (16ms)
Platform modules already initialized, skipping
Refreshing native plugins compatible for Editor in 21.66 ms, found 79 plugins.
Preloading 0 native plugins for Editor in 0.00 ms.
Unloading 1592 Unused Serialized files (Serialized files now loaded: 0)
Unloading 100 unused Assets / (27.8 KB). Loaded Objects now: 2004.
Memory consumption went from 69.3 MB to 69.3 MB.
Total: 2.509300 ms (FindLiveObjects: 0.129800 ms CreateObjectMapping: 0.047700 ms MarkObjects: 2.300200 ms  DeleteObjects: 0.030900 ms)

AssetImportParameters requested are different than current active one (requested -> active):
  custom:video-decoder-ogg-theora: a1e56fd34408186e4bbccfd4996cb3dc -> 
  custom:container-muxer-webm: aa71ff27fc2769a1b78a27578f13a17b -> 
  custom:container-demuxer-webm: 4f35f7cbe854078d1ac9338744f61a02 -> 
  custom:video-encoder-webm-vp8: eb34c28f22e8b96e1ab97ce403110664 -> 
  custom:video-codec-MediaFoundation-h265: 746d11721c4dcdbdad8f713fa42b33f4 -> 
  custom:audio-encoder-webm-vorbis: bf7c407c2cedff20999df2af8eb42d56 -> 
  custom:framework-win-MediaFoundation: 216162199b28c13a410421893ffa2e32 -> 
  custom:container-demuxer-ogg: 62fdf1f143b41e24485cea50d1cbac27 -> 
  custom:video-decoder-webm-vp8: 9c59270c3fd7afecdb556c50c9e8de78 -> 
  custom:audio-decoder-ogg-vorbis: bf7c407c2cedff20999df2af8eb42d56 -> 
========================================================================
Received Prepare
Registering precompiled user dll's ...
Registered in 0.031180 seconds.
Begin MonoManager ReloadAssembly
Could not load image C:\Users\amministratore\Desktop\BR\openpose_unity_plugin\OpenPosePlugin\Assets\OpenPose\Plugins\SpinnakerNETd_v140.dll due to Metadata verifier doesn't handle sections with SizeOfRawData < VirtualSize
Run the peverify utility against this for more information.
Could not load image C:\Users\amministratore\Desktop\BR\openpose_unity_plugin\OpenPosePlugin\Assets\OpenPose\Plugins\SpinnakerNET_v140.dll due to Metadata verifier doesn't handle sections with SizeOfRawData < VirtualSize
Run the peverify utility against this for more information.
Unloading broken assembly Assets/OpenPose/Plugins/SpinnakerNETGUId_v140.dll, this assembly can cause crashes in the runtime
Unloading broken assembly Assets/OpenPose/Plugins/ActiproSoftware.Shared.Wpf.dll, this assembly can cause crashes in the runtime
Unloading broken assembly Assets/OpenPose/Plugins/ActiproSoftware.Docking.Wpf.dll, this assembly can cause crashes in the runtime
Unloading broken assembly Assets/OpenPose/Plugins/SpinnakerNETGUI_v140.dll, this assembly can cause crashes in the runtime
Native extension for WindowsStandalone target not found
Refreshing native plugins compatible for Editor in 1.30 ms, found 79 plugins.
Preloading 0 native plugins for Editor in 0.00 ms.
Mono: successfully reloaded assembly
- Completed reload, in  1.434 seconds
Domain Reload Profiling:
	ReloadAssembly (1435ms)
		BeginReloadAssembly (165ms)
			ExecutionOrderSort (0ms)
			DisableScriptedObjects (9ms)
			BackupInstance (0ms)
			ReleaseScriptingObjects (0ms)
			CreateAndSetChildDomain (37ms)
		EndReloadAssembly (1061ms)
			LoadAssemblies (124ms)
			RebuildTransferFunctionScriptingTraits (0ms)
			SetupTypeCache (391ms)
			ReleaseScriptCaches (1ms)
			RebuildScriptCaches (48ms)
			SetupLoadedEditorAssemblies (415ms)
				LogAssemblyErrors (0ms)
				InitializePlatformSupportModulesInManaged (21ms)
				SetLoadedEditorAssemblies (1ms)
				RefreshPlugins (1ms)
				BeforeProcessingInitializeOnLoad (75ms)
				ProcessInitializeOnLoadAttributes (261ms)
				ProcessInitializeOnLoadMethodAttributes (43ms)
				AfterProcessingInitializeOnLoad (13ms)
				EditorAssembliesLoaded (0ms)
			ExecutionOrderSort2 (0ms)
			AwakeInstancesAfterBackupRestoration (11ms)
Platform modules already initialized, skipping
Refreshing native plugins compatible for Editor in 21.14 ms, found 79 plugins.
Preloading 0 native plugins for Editor in 0.00 ms.
Unloading 1592 Unused Serialized files (Serialized files now loaded: 0)
Unloading 100 unused Assets / (27.7 KB). Loaded Objects now: 2007.
Memory consumption went from 69.3 MB to 69.3 MB.
Total: 2.490900 ms (FindLiveObjects: 0.131300 ms CreateObjectMapping: 0.055000 ms MarkObjects: 2.270100 ms  DeleteObjects: 0.033700 ms)

AssetImportParameters requested are different than current active one (requested -> active):
  custom:video-decoder-ogg-theora: a1e56fd34408186e4bbccfd4996cb3dc -> 
  custom:container-muxer-webm: aa71ff27fc2769a1b78a27578f13a17b -> 
  custom:container-demuxer-webm: 4f35f7cbe854078d1ac9338744f61a02 -> 
  custom:video-encoder-webm-vp8: eb34c28f22e8b96e1ab97ce403110664 -> 
  custom:video-codec-MediaFoundation-h265: 746d11721c4dcdbdad8f713fa42b33f4 -> 
  custom:audio-encoder-webm-vorbis: bf7c407c2cedff20999df2af8eb42d56 -> 
  custom:framework-win-MediaFoundation: 216162199b28c13a410421893ffa2e32 -> 
  custom:container-demuxer-ogg: 62fdf1f143b41e24485cea50d1cbac27 -> 
  custom:video-decoder-webm-vp8: 9c59270c3fd7afecdb556c50c9e8de78 -> 
  custom:audio-decoder-ogg-vorbis: bf7c407c2cedff20999df2af8eb42d56 -> 
========================================================================
Received Prepare
Registering precompiled user dll's ...
Registered in 0.032418 seconds.
Begin MonoManager ReloadAssembly
Could not load image C:\Users\amministratore\Desktop\BR\openpose_unity_plugin\OpenPosePlugin\Assets\OpenPose\Plugins\SpinnakerNETd_v140.dll due to Metadata verifier doesn't handle sections with SizeOfRawData < VirtualSize
Run the peverify utility against this for more information.
Could not load image C:\Users\amministratore\Desktop\BR\openpose_unity_plugin\OpenPosePlugin\Assets\OpenPose\Plugins\SpinnakerNET_v140.dll due to Metadata verifier doesn't handle sections with SizeOfRawData < VirtualSize
Run the peverify utility against this for more information.
Unloading broken assembly Assets/OpenPose/Plugins/SpinnakerNETGUId_v140.dll, this assembly can cause crashes in the runtime
Unloading broken assembly Assets/OpenPose/Plugins/ActiproSoftware.Shared.Wpf.dll, this assembly can cause crashes in the runtime
Unloading broken assembly Assets/OpenPose/Plugins/ActiproSoftware.Docking.Wpf.dll, this assembly can cause crashes in the runtime
Unloading broken assembly Assets/OpenPose/Plugins/SpinnakerNETGUI_v140.dll, this assembly can cause crashes in the runtime
Native extension for WindowsStandalone target not found
Refreshing native plugins compatible for Editor in 1.77 ms, found 79 plugins.
Preloading 0 native plugins for Editor in 0.00 ms.
Mono: successfully reloaded assembly
- Completed reload, in  1.501 seconds
Domain Reload Profiling:
	ReloadAssembly (1502ms)
		BeginReloadAssembly (155ms)
			ExecutionOrderSort (0ms)
			DisableScriptedObjects (10ms)
			BackupInstance (0ms)
			ReleaseScriptingObjects (0ms)
			CreateAndSetChildDomain (32ms)
		EndReloadAssembly (1202ms)
			LoadAssemblies (109ms)
			RebuildTransferFunctionScriptingTraits (0ms)
			SetupTypeCache (338ms)
			ReleaseScriptCaches (1ms)
			RebuildScriptCaches (66ms)
			SetupLoadedEditorAssemblies (567ms)
				LogAssemblyErrors (0ms)
				InitializePlatformSupportModulesInManaged (26ms)
				SetLoadedEditorAssemblies (1ms)
				RefreshPlugins (2ms)
				BeforeProcessingInitializeOnLoad (87ms)
				ProcessInitializeOnLoadAttributes (373ms)
				ProcessInitializeOnLoadMethodAttributes (59ms)
				AfterProcessingInitializeOnLoad (18ms)
				EditorAssembliesLoaded (0ms)
			ExecutionOrderSort2 (0ms)
			AwakeInstancesAfterBackupRestoration (17ms)
Platform modules already initialized, skipping
Refreshing native plugins compatible for Editor in 45.66 ms, found 79 plugins.
Preloading 0 native plugins for Editor in 0.00 ms.
Unloading 1592 Unused Serialized files (Serialized files now loaded: 0)
Unloading 100 unused Assets / (27.7 KB). Loaded Objects now: 2010.
Memory consumption went from 69.3 MB to 69.3 MB.
Total: 4.090600 ms (FindLiveObjects: 0.161200 ms CreateObjectMapping: 0.090600 ms MarkObjects: 3.792900 ms  DeleteObjects: 0.044900 ms)

AssetImportParameters requested are different than current active one (requested -> active):
  custom:video-decoder-ogg-theora: a1e56fd34408186e4bbccfd4996cb3dc -> 
  custom:container-muxer-webm: aa71ff27fc2769a1b78a27578f13a17b -> 
  custom:container-demuxer-webm: 4f35f7cbe854078d1ac9338744f61a02 -> 
  custom:video-encoder-webm-vp8: eb34c28f22e8b96e1ab97ce403110664 -> 
  custom:video-codec-MediaFoundation-h265: 746d11721c4dcdbdad8f713fa42b33f4 -> 
  custom:audio-encoder-webm-vorbis: bf7c407c2cedff20999df2af8eb42d56 -> 
  custom:framework-win-MediaFoundation: 216162199b28c13a410421893ffa2e32 -> 
  custom:container-demuxer-ogg: 62fdf1f143b41e24485cea50d1cbac27 -> 
  custom:video-decoder-webm-vp8: 9c59270c3fd7afecdb556c50c9e8de78 -> 
  custom:audio-decoder-ogg-vorbis: bf7c407c2cedff20999df2af8eb42d56 -> 
========================================================================
Received Import Request.
  Time since last request: 330.625954 seconds.
  path: Assets/OpenPose/Examples/Sprites/Circle.png
  artifactKey: Guid(978eed90e5a9bb242918447a3ff7f7e9) Importer(815301076,1909f56bfc062723c751e8b465ee728b)
Start importing Assets/OpenPose/Examples/Sprites/Circle.png using Guid(978eed90e5a9bb242918447a3ff7f7e9) Importer(815301076,1909f56bfc062723c751e8b465ee728b)  -> (artifact id: 'ace7bb30b7921d5be63f6972b306066f') in 0.238261 seconds 
========================================================================
Received Prepare
Registering precompiled user dll's ...
Registered in 0.026326 seconds.
Begin MonoManager ReloadAssembly
Could not load image C:\Users\amministratore\Desktop\BR\openpose_unity_plugin\OpenPosePlugin\Assets\OpenPose\Plugins\SpinnakerNETd_v140.dll due to Metadata verifier doesn't handle sections with SizeOfRawData < VirtualSize
Run the peverify utility against this for more information.
Could not load image C:\Users\amministratore\Desktop\BR\openpose_unity_plugin\OpenPosePlugin\Assets\OpenPose\Plugins\SpinnakerNET_v140.dll due to Metadata verifier doesn't handle sections with SizeOfRawData < VirtualSize
Run the peverify utility against this for more information.
Unloading broken assembly Assets/OpenPose/Plugins/SpinnakerNETGUId_v140.dll, this assembly can cause crashes in the runtime
Unloading broken assembly Assets/OpenPose/Plugins/ActiproSoftware.Shared.Wpf.dll, this assembly can cause crashes in the runtime
Unloading broken assembly Assets/OpenPose/Plugins/ActiproSoftware.Docking.Wpf.dll, this assembly can cause crashes in the runtime
Unloading broken assembly Assets/OpenPose/Plugins/SpinnakerNETGUI_v140.dll, this assembly can cause crashes in the runtime
Native extension for WindowsStandalone target not found
Refreshing native plugins compatible for Editor in 2.01 ms, found 79 plugins.
Preloading 0 native plugins for Editor in 0.00 ms.
Mono: successfully reloaded assembly
- Completed reload, in  1.388 seconds
Domain Reload Profiling:
	ReloadAssembly (1390ms)
		BeginReloadAssembly (175ms)
			ExecutionOrderSort (0ms)
			DisableScriptedObjects (10ms)
			BackupInstance (0ms)
			ReleaseScriptingObjects (0ms)
			CreateAndSetChildDomain (38ms)
		EndReloadAssembly (1079ms)
			LoadAssemblies (114ms)
			RebuildTransferFunctionScriptingTraits (0ms)
			SetupTypeCache (319ms)
			ReleaseScriptCaches (1ms)
			RebuildScriptCaches (58ms)
			SetupLoadedEditorAssemblies (509ms)
				LogAssemblyErrors (0ms)
				InitializePlatformSupportModulesInManaged (21ms)
				SetLoadedEditorAssemblies (1ms)
				RefreshPlugins (2ms)
				BeforeProcessingInitializeOnLoad (79ms)
				ProcessInitializeOnLoadAttributes (335ms)
				ProcessInitializeOnLoadMethodAttributes (53ms)
				AfterProcessingInitializeOnLoad (17ms)
				EditorAssembliesLoaded (0ms)
			ExecutionOrderSort2 (0ms)
			AwakeInstancesAfterBackupRestoration (17ms)
Platform modules already initialized, skipping
Refreshing native plugins compatible for Editor in 38.80 ms, found 79 plugins.
Preloading 0 native plugins for Editor in 0.00 ms.
Unloading 1592 Unused Serialized files (Serialized files now loaded: 0)
Unloading 100 unused Assets / (27.8 KB). Loaded Objects now: 2019.
Memory consumption went from 73.3 MB to 73.3 MB.
Total: 4.349300 ms (FindLiveObjects: 0.243300 ms CreateObjectMapping: 0.175000 ms MarkObjects: 3.888600 ms  DeleteObjects: 0.041200 ms)

AssetImportParameters requested are different than current active one (requested -> active):
  custom:video-decoder-ogg-theora: a1e56fd34408186e4bbccfd4996cb3dc -> 
  custom:container-muxer-webm: aa71ff27fc2769a1b78a27578f13a17b -> 
  custom:container-demuxer-webm: 4f35f7cbe854078d1ac9338744f61a02 -> 
  custom:video-encoder-webm-vp8: eb34c28f22e8b96e1ab97ce403110664 -> 
  custom:video-codec-MediaFoundation-h265: 746d11721c4dcdbdad8f713fa42b33f4 -> 
  custom:audio-encoder-webm-vorbis: bf7c407c2cedff20999df2af8eb42d56 -> 
  custom:framework-win-MediaFoundation: 216162199b28c13a410421893ffa2e32 -> 
  custom:container-demuxer-ogg: 62fdf1f143b41e24485cea50d1cbac27 -> 
  custom:video-decoder-webm-vp8: 9c59270c3fd7afecdb556c50c9e8de78 -> 
  custom:audio-decoder-ogg-vorbis: bf7c407c2cedff20999df2af8eb42d56 -> 
========================================================================
Received Prepare
Registering precompiled user dll's ...
Registered in 0.038465 seconds.
Begin MonoManager ReloadAssembly
Could not load image C:\Users\amministratore\Desktop\BR\openpose_unity_plugin\OpenPosePlugin\Assets\OpenPose\Plugins\SpinnakerNETd_v140.dll due to Metadata verifier doesn't handle sections with SizeOfRawData < VirtualSize
Run the peverify utility against this for more information.
Could not load image C:\Users\amministratore\Desktop\BR\openpose_unity_plugin\OpenPosePlugin\Assets\OpenPose\Plugins\SpinnakerNET_v140.dll due to Metadata verifier doesn't handle sections with SizeOfRawData < VirtualSize
Run the peverify utility against this for more information.
Unloading broken assembly Assets/OpenPose/Plugins/SpinnakerNETGUId_v140.dll, this assembly can cause crashes in the runtime
Unloading broken assembly Assets/OpenPose/Plugins/ActiproSoftware.Shared.Wpf.dll, this assembly can cause crashes in the runtime
Unloading broken assembly Assets/OpenPose/Plugins/ActiproSoftware.Docking.Wpf.dll, this assembly can cause crashes in the runtime
Unloading broken assembly Assets/OpenPose/Plugins/SpinnakerNETGUI_v140.dll, this assembly can cause crashes in the runtime
Native extension for WindowsStandalone target not found
Refreshing native plugins compatible for Editor in 2.71 ms, found 79 plugins.
Preloading 0 native plugins for Editor in 0.00 ms.
Mono: successfully reloaded assembly
- Completed reload, in  2.146 seconds
Domain Reload Profiling:
	ReloadAssembly (2147ms)
		BeginReloadAssembly (168ms)
			ExecutionOrderSort (0ms)
			DisableScriptedObjects (9ms)
			BackupInstance (0ms)
			ReleaseScriptingObjects (0ms)
			CreateAndSetChildDomain (39ms)
		EndReloadAssembly (1829ms)
			LoadAssemblies (108ms)
			RebuildTransferFunctionScriptingTraits (0ms)
			SetupTypeCache (514ms)
			ReleaseScriptCaches (1ms)
			RebuildScriptCaches (104ms)
			SetupLoadedEditorAssemblies (894ms)
				LogAssemblyErrors (0ms)
				InitializePlatformSupportModulesInManaged (35ms)
				SetLoadedEditorAssemblies (2ms)
				RefreshPlugins (3ms)
				BeforeProcessingInitializeOnLoad (251ms)
				ProcessInitializeOnLoadAttributes (499ms)
				ProcessInitializeOnLoadMethodAttributes (78ms)
				AfterProcessingInitializeOnLoad (25ms)
				EditorAssembliesLoaded (0ms)
			ExecutionOrderSort2 (0ms)
			AwakeInstancesAfterBackupRestoration (29ms)
Platform modules already initialized, skipping
Refreshing native plugins compatible for Editor in 67.14 ms, found 79 plugins.
Preloading 0 native plugins for Editor in 0.00 ms.
Unloading 1592 Unused Serialized files (Serialized files now loaded: 0)
Unloading 100 unused Assets / (27.8 KB). Loaded Objects now: 2022.
Memory consumption went from 73.3 MB to 73.3 MB.
Total: 12.652000 ms (FindLiveObjects: 0.283000 ms CreateObjectMapping: 0.171400 ms MarkObjects: 12.128100 ms  DeleteObjects: 0.067500 ms)

AssetImportParameters requested are different than current active one (requested -> active):
  custom:video-decoder-ogg-theora: a1e56fd34408186e4bbccfd4996cb3dc -> 
  custom:container-muxer-webm: aa71ff27fc2769a1b78a27578f13a17b -> 
  custom:container-demuxer-webm: 4f35f7cbe854078d1ac9338744f61a02 -> 
  custom:video-encoder-webm-vp8: eb34c28f22e8b96e1ab97ce403110664 -> 
  custom:video-codec-MediaFoundation-h265: 746d11721c4dcdbdad8f713fa42b33f4 -> 
  custom:audio-encoder-webm-vorbis: bf7c407c2cedff20999df2af8eb42d56 -> 
  custom:framework-win-MediaFoundation: 216162199b28c13a410421893ffa2e32 -> 
  custom:container-demuxer-ogg: 62fdf1f143b41e24485cea50d1cbac27 -> 
  custom:video-decoder-webm-vp8: 9c59270c3fd7afecdb556c50c9e8de78 -> 
  custom:audio-decoder-ogg-vorbis: bf7c407c2cedff20999df2af8eb42d56 -> 
========================================================================
Received Import Request.
  Time since last request: 396.978401 seconds.
  path: Assets/OpenPose/Examples/Render
  artifactKey: Guid(d92233d239a3c5443bed71968772f352) Importer(815301076,1909f56bfc062723c751e8b465ee728b)
Start importing Assets/OpenPose/Examples/Render using Guid(d92233d239a3c5443bed71968772f352) Importer(815301076,1909f56bfc062723c751e8b465ee728b)  -> (artifact id: '9f4c232012d31dc482242d639ef11868') in 0.010413 seconds 
========================================================================
Received Import Request.
  Time since last request: 0.072525 seconds.
  path: Assets/OpenPose/Examples/Render/TextureMaterial.mat
  artifactKey: Guid(05771c19f9f470a4395f3f170d4d82b4) Importer(815301076,1909f56bfc062723c751e8b465ee728b)
Start importing Assets/OpenPose/Examples/Render/TextureMaterial.mat using Guid(05771c19f9f470a4395f3f170d4d82b4) Importer(815301076,1909f56bfc062723c751e8b465ee728b)  -> (artifact id: '6757f3cc1f67f46b565edc5adb2b09a6') in 0.139118 seconds 
========================================================================
Received Prepare
Registering precompiled user dll's ...
Registered in 0.038871 seconds.
Begin MonoManager ReloadAssembly
Could not load image C:\Users\amministratore\Desktop\BR\openpose_unity_plugin\OpenPosePlugin\Assets\OpenPose\Plugins\SpinnakerNETd_v140.dll due to Metadata verifier doesn't handle sections with SizeOfRawData < VirtualSize
Run the peverify utility against this for more information.
Could not load image C:\Users\amministratore\Desktop\BR\openpose_unity_plugin\OpenPosePlugin\Assets\OpenPose\Plugins\SpinnakerNET_v140.dll due to Metadata verifier doesn't handle sections with SizeOfRawData < VirtualSize
Run the peverify utility against this for more information.
Unloading broken assembly Assets/OpenPose/Plugins/SpinnakerNETGUId_v140.dll, this assembly can cause crashes in the runtime
Unloading broken assembly Assets/OpenPose/Plugins/ActiproSoftware.Shared.Wpf.dll, this assembly can cause crashes in the runtime
Unloading broken assembly Assets/OpenPose/Plugins/ActiproSoftware.Docking.Wpf.dll, this assembly can cause crashes in the runtime
Unloading broken assembly Assets/OpenPose/Plugins/SpinnakerNETGUI_v140.dll, this assembly can cause crashes in the runtime
Native extension for WindowsStandalone target not found
Refreshing native plugins compatible for Editor in 2.51 ms, found 79 plugins.
Preloading 0 native plugins for Editor in 0.00 ms.
Mono: successfully reloaded assembly
- Completed reload, in  2.130 seconds
Domain Reload Profiling:
	ReloadAssembly (2131ms)
		BeginReloadAssembly (237ms)
			ExecutionOrderSort (0ms)
			DisableScriptedObjects (16ms)
			BackupInstance (0ms)
			ReleaseScriptingObjects (0ms)
			CreateAndSetChildDomain (54ms)
		EndReloadAssembly (1682ms)
			LoadAssemblies (153ms)
			RebuildTransferFunctionScriptingTraits (0ms)
			SetupTypeCache (520ms)
			ReleaseScriptCaches (2ms)
			RebuildScriptCaches (85ms)
			SetupLoadedEditorAssemblies (794ms)
				LogAssemblyErrors (0ms)
				InitializePlatformSupportModulesInManaged (27ms)
				SetLoadedEditorAssemblies (1ms)
				RefreshPlugins (3ms)
				BeforeProcessingInitializeOnLoad (123ms)
				ProcessInitializeOnLoadAttributes (547ms)
				ProcessInitializeOnLoadMethodAttributes (71ms)
				AfterProcessingInitializeOnLoad (22ms)
				EditorAssembliesLoaded (1ms)
			ExecutionOrderSort2 (0ms)
			AwakeInstancesAfterBackupRestoration (28ms)
Platform modules already initialized, skipping
Refreshing native plugins compatible for Editor in 40.89 ms, found 79 plugins.
Preloading 0 native plugins for Editor in 0.00 ms.
Unloading 1592 Unused Serialized files (Serialized files now loaded: 0)
Unloading 100 unused Assets / (27.8 KB). Loaded Objects now: 2061.
Memory consumption went from 73.5 MB to 73.5 MB.
Total: 6.018700 ms (FindLiveObjects: 0.232300 ms CreateObjectMapping: 0.152900 ms MarkObjects: 5.574200 ms  DeleteObjects: 0.057700 ms)

AssetImportParameters requested are different than current active one (requested -> active):
  custom:video-decoder-ogg-theora: a1e56fd34408186e4bbccfd4996cb3dc -> 
  custom:container-muxer-webm: aa71ff27fc2769a1b78a27578f13a17b -> 
  custom:container-demuxer-webm: 4f35f7cbe854078d1ac9338744f61a02 -> 
  custom:video-encoder-webm-vp8: eb34c28f22e8b96e1ab97ce403110664 -> 
  custom:video-codec-MediaFoundation-h265: 746d11721c4dcdbdad8f713fa42b33f4 -> 
  custom:audio-encoder-webm-vorbis: bf7c407c2cedff20999df2af8eb42d56 -> 
  custom:framework-win-MediaFoundation: 216162199b28c13a410421893ffa2e32 -> 
  custom:container-demuxer-ogg: 62fdf1f143b41e24485cea50d1cbac27 -> 
  custom:video-decoder-webm-vp8: 9c59270c3fd7afecdb556c50c9e8de78 -> 
  custom:audio-decoder-ogg-vorbis: bf7c407c2cedff20999df2af8eb42d56 -> 
